[19-Oct-2018 23:03:46 UTC] PHP Warning:  array_push() expects parameter 1 to be array, string given in /home/ubuntu/workspace/cst336/scart/scart/index.php on line 12
[19-Oct-2018 23:03:46 UTC] PHP Stack trace:
[19-Oct-2018 23:03:46 UTC] PHP   1. {main}() /home/ubuntu/workspace/cst336/scart/scart/index.php:0
[19-Oct-2018 23:03:46 UTC] PHP   2. array_push() /home/ubuntu/workspace/cst336/scart/scart/index.php:12
[19-Oct-2018 23:03:47 UTC] PHP Warning:  array_push() expects parameter 1 to be array, string given in /home/ubuntu/workspace/cst336/scart/scart/index.php on line 12
[19-Oct-2018 23:03:47 UTC] PHP Stack trace:
[19-Oct-2018 23:03:47 UTC] PHP   1. {main}() /home/ubuntu/workspace/cst336/scart/scart/index.php:0
[19-Oct-2018 23:03:47 UTC] PHP   2. array_push() /home/ubuntu/workspace/cst336/scart/scart/index.php:12
[19-Oct-2018 23:03:48 UTC] PHP Warning:  array_push() expects parameter 1 to be array, string given in /home/ubuntu/workspace/cst336/scart/scart/index.php on line 12
[19-Oct-2018 23:03:48 UTC] PHP Stack trace:
[19-Oct-2018 23:03:48 UTC] PHP   1. {main}() /home/ubuntu/workspace/cst336/scart/scart/index.php:0
[19-Oct-2018 23:03:48 UTC] PHP   2. array_push() /home/ubuntu/workspace/cst336/scart/scart/index.php:12
[19-Oct-2018 23:03:50 UTC] PHP Warning:  array_push() expects parameter 1 to be array, string given in /home/ubuntu/workspace/cst336/scart/scart/index.php on line 12
[19-Oct-2018 23:03:50 UTC] PHP Stack trace:
[19-Oct-2018 23:03:50 UTC] PHP   1. {main}() /home/ubuntu/workspace/cst336/scart/scart/index.php:0
[19-Oct-2018 23:03:50 UTC] PHP   2. array_push() /home/ubuntu/workspace/cst336/scart/scart/index.php:12
[19-Oct-2018 23:03:50 UTC] PHP Warning:  array_push() expects parameter 1 to be array, string given in /home/ubuntu/workspace/cst336/scart/scart/index.php on line 12
[19-Oct-2018 23:03:50 UTC] PHP Stack trace:
[19-Oct-2018 23:03:50 UTC] PHP   1. {main}() /home/ubuntu/workspace/cst336/scart/scart/index.php:0
[19-Oct-2018 23:03:50 UTC] PHP   2. array_push() /home/ubuntu/workspace/cst336/scart/scart/index.php:12
[19-Oct-2018 23:04:06 UTC] PHP Warning:  array_push() expects parameter 1 to be array, string given in /home/ubuntu/workspace/cst336/scart/scart/index.php on line 12
[19-Oct-2018 23:04:06 UTC] PHP Stack trace:
[19-Oct-2018 23:04:06 UTC] PHP   1. {main}() /home/ubuntu/workspace/cst336/scart/scart/index.php:0
[19-Oct-2018 23:04:06 UTC] PHP   2. array_push() /home/ubuntu/workspace/cst336/scart/scart/index.php:12
[19-Oct-2018 23:07:23 UTC] PHP Warning:  Invalid argument supplied for foreach() in /home/ubuntu/workspace/cst336/scart/scart/functions.php on line 33
[19-Oct-2018 23:07:23 UTC] PHP Stack trace:
[19-Oct-2018 23:07:23 UTC] PHP   1. {main}() /home/ubuntu/workspace/cst336/scart/scart/scart.php:0
[19-Oct-2018 23:07:23 UTC] PHP   2. displayCart() /home/ubuntu/workspace/cst336/scart/scart/scart.php:6
[19-Oct-2018 23:08:24 UTC] PHP Warning:  array_push() expects parameter 1 to be array, string given in /home/ubuntu/workspace/cst336/scart/scart/index.php on line 12
[19-Oct-2018 23:08:24 UTC] PHP Stack trace:
[19-Oct-2018 23:08:24 UTC] PHP   1. {main}() /home/ubuntu/workspace/cst336/scart/scart/index.php:0
[19-Oct-2018 23:08:24 UTC] PHP   2. array_push() /home/ubuntu/workspace/cst336/scart/scart/index.php:12
[19-Oct-2018 23:08:35 UTC] PHP Warning:  array_push() expects parameter 1 to be array, string given in /home/ubuntu/workspace/cst336/scart/scart/index.php on line 12
[19-Oct-2018 23:08:35 UTC] PHP Stack trace:
[19-Oct-2018 23:08:35 UTC] PHP   1. {main}() /home/ubuntu/workspace/cst336/scart/scart/index.php:0
[19-Oct-2018 23:08:35 UTC] PHP   2. array_push() /home/ubuntu/workspace/cst336/scart/scart/index.php:12
[19-Oct-2018 23:10:54 UTC] PHP Warning:  Invalid argument supplied for foreach() in /home/ubuntu/workspace/cst336/scart/scart/functions.php on line 33
[19-Oct-2018 23:10:54 UTC] PHP Stack trace:
[19-Oct-2018 23:10:54 UTC] PHP   1. {main}() /home/ubuntu/workspace/cst336/scart/scart/scart.php:0
[19-Oct-2018 23:10:54 UTC] PHP   2. displayCart() /home/ubuntu/workspace/cst336/scart/scart/scart.php:6
[19-Oct-2018 23:10:58 UTC] PHP Warning:  array_push() expects parameter 1 to be array, string given in /home/ubuntu/workspace/cst336/scart/scart/index.php on line 12
[19-Oct-2018 23:10:58 UTC] PHP Stack trace:
[19-Oct-2018 23:10:58 UTC] PHP   1. {main}() /home/ubuntu/workspace/cst336/scart/scart/index.php:0
[19-Oct-2018 23:10:58 UTC] PHP   2. array_push() /home/ubuntu/workspace/cst336/scart/scart/index.php:12
[19-Oct-2018 23:11:00 UTC] PHP Warning:  array_push() expects parameter 1 to be array, string given in /home/ubuntu/workspace/cst336/scart/scart/index.php on line 12
[19-Oct-2018 23:11:00 UTC] PHP Stack trace:
[19-Oct-2018 23:11:00 UTC] PHP   1. {main}() /home/ubuntu/workspace/cst336/scart/scart/index.php:0
[19-Oct-2018 23:11:00 UTC] PHP   2. array_push() /home/ubuntu/workspace/cst336/scart/scart/index.php:12
[19-Oct-2018 23:11:02 UTC] PHP Warning:  array_push() expects parameter 1 to be array, string given in /home/ubuntu/workspace/cst336/scart/scart/index.php on line 12
[19-Oct-2018 23:11:02 UTC] PHP Stack trace:
[19-Oct-2018 23:11:02 UTC] PHP   1. {main}() /home/ubuntu/workspace/cst336/scart/scart/index.php:0
[19-Oct-2018 23:11:02 UTC] PHP   2. array_push() /home/ubuntu/workspace/cst336/scart/scart/index.php:12
[19-Oct-2018 23:11:03 UTC] PHP Warning:  Invalid argument supplied for foreach() in /home/ubuntu/workspace/cst336/scart/scart/functions.php on line 33
[19-Oct-2018 23:11:03 UTC] PHP Stack trace:
[19-Oct-2018 23:11:03 UTC] PHP   1. {main}() /home/ubuntu/workspace/cst336/scart/scart/scart.php:0
[19-Oct-2018 23:11:03 UTC] PHP   2. displayCart() /home/ubuntu/workspace/cst336/scart/scart/scart.php:6
[19-Oct-2018 23:14:21 UTC] PHP Warning:  array_push() expects parameter 1 to be array, string given in /home/ubuntu/workspace/cst336/scart/scart/index.php on line 12
[19-Oct-2018 23:14:21 UTC] PHP Stack trace:
[19-Oct-2018 23:14:21 UTC] PHP   1. {main}() /home/ubuntu/workspace/cst336/scart/scart/index.php:0
[19-Oct-2018 23:14:21 UTC] PHP   2. array_push() /home/ubuntu/workspace/cst336/scart/scart/index.php:12
[19-Oct-2018 23:14:23 UTC] PHP Warning:  array_push() expects parameter 1 to be array, string given in /home/ubuntu/workspace/cst336/scart/scart/index.php on line 12
[19-Oct-2018 23:14:23 UTC] PHP Stack trace:
[19-Oct-2018 23:14:23 UTC] PHP   1. {main}() /home/ubuntu/workspace/cst336/scart/scart/index.php:0
[19-Oct-2018 23:14:23 UTC] PHP   2. array_push() /home/ubuntu/workspace/cst336/scart/scart/index.php:12
[19-Oct-2018 23:14:25 UTC] PHP Warning:  Invalid argument supplied for foreach() in /home/ubuntu/workspace/cst336/scart/scart/functions.php on line 33
[19-Oct-2018 23:14:25 UTC] PHP Stack trace:
[19-Oct-2018 23:14:25 UTC] PHP   1. {main}() /home/ubuntu/workspace/cst336/scart/scart/scart.php:0
[19-Oct-2018 23:14:25 UTC] PHP   2. displayCart() /home/ubuntu/workspace/cst336/scart/scart/scart.php:6
[19-Oct-2018 23:18:19 UTC] PHP Warning:  array_push() expects parameter 1 to be array, string given in /home/ubuntu/workspace/cst336/scart/scart/index.php on line 12
[19-Oct-2018 23:18:19 UTC] PHP Stack trace:
[19-Oct-2018 23:18:19 UTC] PHP   1. {main}() /home/ubuntu/workspace/cst336/scart/scart/index.php:0
[19-Oct-2018 23:18:19 UTC] PHP   2. array_push() /home/ubuntu/workspace/cst336/scart/scart/index.php:12
[19-Oct-2018 23:28:06 UTC] PHP Fatal error:  Call to undefined function displayCart() in /home/ubuntu/workspace/cst336/scart/scart/scart.php on line 36
[19-Oct-2018 23:28:06 UTC] PHP Stack trace:
[19-Oct-2018 23:28:06 UTC] PHP   1. {main}() /home/ubuntu/workspace/cst336/scart/scart/scart.php:0
[19-Oct-2018 23:28:31 UTC] PHP Warning:  Invalid argument supplied for foreach() in /home/ubuntu/workspace/cst336/scart/scart/functions.php on line 34
[19-Oct-2018 23:28:31 UTC] PHP Stack trace:
[19-Oct-2018 23:28:31 UTC] PHP   1. {main}() /home/ubuntu/workspace/cst336/scart/scart/scart.php:0
[19-Oct-2018 23:28:31 UTC] PHP   2. displayCart() /home/ubuntu/workspace/cst336/scart/scart/scart.php:37
[19-Oct-2018 23:28:33 UTC] PHP Warning:  Invalid argument supplied for foreach() in /home/ubuntu/workspace/cst336/scart/scart/functions.php on line 34
[19-Oct-2018 23:28:33 UTC] PHP Stack trace:
[19-Oct-2018 23:28:33 UTC] PHP   1. {main}() /home/ubuntu/workspace/cst336/scart/scart/scart.php:0
[19-Oct-2018 23:28:33 UTC] PHP   2. displayCart() /home/ubuntu/workspace/cst336/scart/scart/scart.php:37
[19-Oct-2018 23:28:39 UTC] PHP Warning:  array_push() expects parameter 1 to be array, string given in /home/ubuntu/workspace/cst336/scart/scart/index.php on line 12
[19-Oct-2018 23:28:39 UTC] PHP Stack trace:
[19-Oct-2018 23:28:39 UTC] PHP   1. {main}() /home/ubuntu/workspace/cst336/scart/scart/index.php:0
[19-Oct-2018 23:28:39 UTC] PHP   2. array_push() /home/ubuntu/workspace/cst336/scart/scart/index.php:12
[19-Oct-2018 23:28:41 UTC] PHP Warning:  Invalid argument supplied for foreach() in /home/ubuntu/workspace/cst336/scart/scart/functions.php on line 34
[19-Oct-2018 23:28:41 UTC] PHP Stack trace:
[19-Oct-2018 23:28:41 UTC] PHP   1. {main}() /home/ubuntu/workspace/cst336/scart/scart/scart.php:0
[19-Oct-2018 23:28:41 UTC] PHP   2. displayCart() /home/ubuntu/workspace/cst336/scart/scart/scart.php:37
[19-Oct-2018 23:33:09 UTC] PHP Fatal error:  Call to undefined function displayCart() in /home/ubuntu/workspace/cst336/scart/scart/scart.php on line 37
[19-Oct-2018 23:33:09 UTC] PHP Stack trace:
[19-Oct-2018 23:33:09 UTC] PHP   1. {main}() /home/ubuntu/workspace/cst336/scart/scart/scart.php:0
[19-Oct-2018 23:33:32 UTC] PHP Warning:  Invalid argument supplied for foreach() in /home/ubuntu/workspace/cst336/scart/scart/functions.php on line 34
[19-Oct-2018 23:33:32 UTC] PHP Stack trace:
[19-Oct-2018 23:33:32 UTC] PHP   1. {main}() /home/ubuntu/workspace/cst336/scart/scart/scart.php:0
[19-Oct-2018 23:33:32 UTC] PHP   2. displayCart() /home/ubuntu/workspace/cst336/scart/scart/scart.php:37
[19-Oct-2018 23:36:05 UTC] PHP Warning:  Invalid argument supplied for foreach() in /home/ubuntu/workspace/cst336/scart/scart/functions.php on line 34
[19-Oct-2018 23:36:05 UTC] PHP Stack trace:
[19-Oct-2018 23:36:05 UTC] PHP   1. {main}() /home/ubuntu/workspace/cst336/scart/scart/scart.php:0
[19-Oct-2018 23:36:05 UTC] PHP   2. displayCart() /home/ubuntu/workspace/cst336/scart/scart/scart.php:37
[19-Oct-2018 23:36:11 UTC] PHP Warning:  Invalid argument supplied for foreach() in /home/ubuntu/workspace/cst336/scart/scart/functions.php on line 34
[19-Oct-2018 23:36:11 UTC] PHP Stack trace:
[19-Oct-2018 23:36:11 UTC] PHP   1. {main}() /home/ubuntu/workspace/cst336/scart/scart/scart.php:0
[19-Oct-2018 23:36:11 UTC] PHP   2. displayCart() /home/ubuntu/workspace/cst336/scart/scart/scart.php:37
[19-Oct-2018 23:40:11 UTC] PHP Warning:  Invalid argument supplied for foreach() in /home/ubuntu/workspace/cst336/scart/scart/functions.php on line 34
[19-Oct-2018 23:40:11 UTC] PHP Stack trace:
[19-Oct-2018 23:40:11 UTC] PHP   1. {main}() /home/ubuntu/workspace/cst336/scart/scart/scart.php:0
[19-Oct-2018 23:40:11 UTC] PHP   2. displayCart() /home/ubuntu/workspace/cst336/scart/scart/scart.php:39
[19-Oct-2018 23:40:21 UTC] PHP Warning:  array_push() expects parameter 1 to be array, string given in /home/ubuntu/workspace/cst336/scart/scart/index.php on line 18
[19-Oct-2018 23:40:21 UTC] PHP Stack trace:
[19-Oct-2018 23:40:21 UTC] PHP   1. {main}() /home/ubuntu/workspace/cst336/scart/scart/index.php:0
[19-Oct-2018 23:40:21 UTC] PHP   2. array_push() /home/ubuntu/workspace/cst336/scart/scart/index.php:18
[19-Oct-2018 23:40:23 UTC] PHP Warning:  array_push() expects parameter 1 to be array, string given in /home/ubuntu/workspace/cst336/scart/scart/index.php on line 18
[19-Oct-2018 23:40:23 UTC] PHP Stack trace:
[19-Oct-2018 23:40:23 UTC] PHP   1. {main}() /home/ubuntu/workspace/cst336/scart/scart/index.php:0
[19-Oct-2018 23:40:23 UTC] PHP   2. array_push() /home/ubuntu/workspace/cst336/scart/scart/index.php:18
[19-Oct-2018 23:40:24 UTC] PHP Warning:  Invalid argument supplied for foreach() in /home/ubuntu/workspace/cst336/scart/scart/functions.php on line 34
[19-Oct-2018 23:40:24 UTC] PHP Stack trace:
[19-Oct-2018 23:40:24 UTC] PHP   1. {main}() /home/ubuntu/workspace/cst336/scart/scart/scart.php:0
[19-Oct-2018 23:40:24 UTC] PHP   2. displayCart() /home/ubuntu/workspace/cst336/scart/scart/scart.php:39
[19-Oct-2018 23:41:49 UTC] PHP Warning:  Invalid argument supplied for foreach() in /home/ubuntu/workspace/cst336/scart/scart/functions.php on line 35
[19-Oct-2018 23:41:49 UTC] PHP Stack trace:
[19-Oct-2018 23:41:49 UTC] PHP   1. {main}() /home/ubuntu/workspace/cst336/scart/scart/scart.php:0
[19-Oct-2018 23:41:49 UTC] PHP   2. displayCart() /home/ubuntu/workspace/cst336/scart/scart/scart.php:39
[19-Oct-2018 23:43:04 UTC] PHP Warning:  Invalid argument supplied for foreach() in /home/ubuntu/workspace/cst336/scart/scart/functions.php on line 35
[19-Oct-2018 23:43:04 UTC] PHP Stack trace:
[19-Oct-2018 23:43:04 UTC] PHP   1. {main}() /home/ubuntu/workspace/cst336/scart/scart/scart.php:0
[19-Oct-2018 23:43:04 UTC] PHP   2. displayCart() /home/ubuntu/workspace/cst336/scart/scart/scart.php:39
[19-Oct-2018 23:43:06 UTC] PHP Warning:  Invalid argument supplied for foreach() in /home/ubuntu/workspace/cst336/scart/scart/functions.php on line 35
[19-Oct-2018 23:43:06 UTC] PHP Stack trace:
[19-Oct-2018 23:43:06 UTC] PHP   1. {main}() /home/ubuntu/workspace/cst336/scart/scart/scart.php:0
[19-Oct-2018 23:43:06 UTC] PHP   2. displayCart() /home/ubuntu/workspace/cst336/scart/scart/scart.php:39
[19-Oct-2018 23:44:33 UTC] PHP Warning:  Invalid argument supplied for foreach() in /home/ubuntu/workspace/cst336/scart/scart/functions.php on line 35
[19-Oct-2018 23:44:33 UTC] PHP Stack trace:
[19-Oct-2018 23:44:33 UTC] PHP   1. {main}() /home/ubuntu/workspace/cst336/scart/scart/scart.php:0
[19-Oct-2018 23:44:33 UTC] PHP   2. displayCart() /home/ubuntu/workspace/cst336/scart/scart/scart.php:39
[19-Oct-2018 23:45:40 UTC] PHP Warning:  Invalid argument supplied for foreach() in /home/ubuntu/workspace/cst336/scart/scart/functions.php on line 35
[19-Oct-2018 23:45:40 UTC] PHP Stack trace:
[19-Oct-2018 23:45:40 UTC] PHP   1. {main}() /home/ubuntu/workspace/cst336/scart/scart/scart.php:0
[19-Oct-2018 23:45:40 UTC] PHP   2. displayCart() /home/ubuntu/workspace/cst336/scart/scart/scart.php:39
[19-Oct-2018 23:45:41 UTC] PHP Warning:  Invalid argument supplied for foreach() in /home/ubuntu/workspace/cst336/scart/scart/functions.php on line 35
[19-Oct-2018 23:45:41 UTC] PHP Stack trace:
[19-Oct-2018 23:45:41 UTC] PHP   1. {main}() /home/ubuntu/workspace/cst336/scart/scart/scart.php:0
[19-Oct-2018 23:45:41 UTC] PHP   2. displayCart() /home/ubuntu/workspace/cst336/scart/scart/scart.php:39
[19-Oct-2018 23:45:41 UTC] PHP Warning:  Invalid argument supplied for foreach() in /home/ubuntu/workspace/cst336/scart/scart/functions.php on line 35
[19-Oct-2018 23:45:41 UTC] PHP Stack trace:
[19-Oct-2018 23:45:41 UTC] PHP   1. {main}() /home/ubuntu/workspace/cst336/scart/scart/scart.php:0
[19-Oct-2018 23:45:41 UTC] PHP   2. displayCart() /home/ubuntu/workspace/cst336/scart/scart/scart.php:39
[19-Oct-2018 23:45:42 UTC] PHP Warning:  Invalid argument supplied for foreach() in /home/ubuntu/workspace/cst336/scart/scart/functions.php on line 35
[19-Oct-2018 23:45:42 UTC] PHP Stack trace:
[19-Oct-2018 23:45:42 UTC] PHP   1. {main}() /home/ubuntu/workspace/cst336/scart/scart/scart.php:0
[19-Oct-2018 23:45:42 UTC] PHP   2. displayCart() /home/ubuntu/workspace/cst336/scart/scart/scart.php:39
[19-Oct-2018 23:45:42 UTC] PHP Warning:  Invalid argument supplied for foreach() in /home/ubuntu/workspace/cst336/scart/scart/functions.php on line 35
[19-Oct-2018 23:45:42 UTC] PHP Stack trace:
[19-Oct-2018 23:45:42 UTC] PHP   1. {main}() /home/ubuntu/workspace/cst336/scart/scart/scart.php:0
[19-Oct-2018 23:45:42 UTC] PHP   2. displayCart() /home/ubuntu/workspace/cst336/scart/scart/scart.php:39
[19-Oct-2018 23:45:42 UTC] PHP Warning:  Invalid argument supplied for foreach() in /home/ubuntu/workspace/cst336/scart/scart/functions.php on line 35
[19-Oct-2018 23:45:42 UTC] PHP Stack trace:
[19-Oct-2018 23:45:42 UTC] PHP   1. {main}() /home/ubuntu/workspace/cst336/scart/scart/scart.php:0
[19-Oct-2018 23:45:42 UTC] PHP   2. displayCart() /home/ubuntu/workspace/cst336/scart/scart/scart.php:39
[19-Oct-2018 23:45:43 UTC] PHP Warning:  Invalid argument supplied for foreach() in /home/ubuntu/workspace/cst336/scart/scart/functions.php on line 35
[19-Oct-2018 23:45:43 UTC] PHP Stack trace:
[19-Oct-2018 23:45:43 UTC] PHP   1. {main}() /home/ubuntu/workspace/cst336/scart/scart/scart.php:0
[19-Oct-2018 23:45:43 UTC] PHP   2. displayCart() /home/ubuntu/workspace/cst336/scart/scart/scart.php:39
[19-Oct-2018 23:45:43 UTC] PHP Warning:  Invalid argument supplied for foreach() in /home/ubuntu/workspace/cst336/scart/scart/functions.php on line 35
[19-Oct-2018 23:45:43 UTC] PHP Stack trace:
[19-Oct-2018 23:45:43 UTC] PHP   1. {main}() /home/ubuntu/workspace/cst336/scart/scart/scart.php:0
[19-Oct-2018 23:45:43 UTC] PHP   2. displayCart() /home/ubuntu/workspace/cst336/scart/scart/scart.php:39
[19-Oct-2018 23:45:43 UTC] PHP Warning:  Invalid argument supplied for foreach() in /home/ubuntu/workspace/cst336/scart/scart/functions.php on line 35
[19-Oct-2018 23:45:43 UTC] PHP Stack trace:
[19-Oct-2018 23:45:43 UTC] PHP   1. {main}() /home/ubuntu/workspace/cst336/scart/scart/scart.php:0
[19-Oct-2018 23:45:43 UTC] PHP   2. displayCart() /home/ubuntu/workspace/cst336/scart/scart/scart.php:39
[19-Oct-2018 23:45:44 UTC] PHP Warning:  Invalid argument supplied for foreach() in /home/ubuntu/workspace/cst336/scart/scart/functions.php on line 35
[19-Oct-2018 23:45:44 UTC] PHP Stack trace:
[19-Oct-2018 23:45:44 UTC] PHP   1. {main}() /home/ubuntu/workspace/cst336/scart/scart/scart.php:0
[19-Oct-2018 23:45:44 UTC] PHP   2. displayCart() /home/ubuntu/workspace/cst336/scart/scart/scart.php:39
[19-Oct-2018 23:45:44 UTC] PHP Warning:  Invalid argument supplied for foreach() in /home/ubuntu/workspace/cst336/scart/scart/functions.php on line 35
[19-Oct-2018 23:45:44 UTC] PHP Stack trace:
[19-Oct-2018 23:45:44 UTC] PHP   1. {main}() /home/ubuntu/workspace/cst336/scart/scart/scart.php:0
[19-Oct-2018 23:45:44 UTC] PHP   2. displayCart() /home/ubuntu/workspace/cst336/scart/scart/scart.php:39
[19-Oct-2018 23:45:44 UTC] PHP Warning:  Invalid argument supplied for foreach() in /home/ubuntu/workspace/cst336/scart/scart/functions.php on line 35
[19-Oct-2018 23:45:44 UTC] PHP Stack trace:
[19-Oct-2018 23:45:44 UTC] PHP   1. {main}() /home/ubuntu/workspace/cst336/scart/scart/scart.php:0
[19-Oct-2018 23:45:44 UTC] PHP   2. displayCart() /home/ubuntu/workspace/cst336/scart/scart/scart.php:39
[19-Oct-2018 23:45:45 UTC] PHP Warning:  Invalid argument supplied for foreach() in /home/ubuntu/workspace/cst336/scart/scart/functions.php on line 35
[19-Oct-2018 23:45:45 UTC] PHP Stack trace:
[19-Oct-2018 23:45:45 UTC] PHP   1. {main}() /home/ubuntu/workspace/cst336/scart/scart/scart.php:0
[19-Oct-2018 23:45:45 UTC] PHP   2. displayCart() /home/ubuntu/workspace/cst336/scart/scart/scart.php:39
[19-Oct-2018 23:45:45 UTC] PHP Warning:  Invalid argument supplied for foreach() in /home/ubuntu/workspace/cst336/scart/scart/functions.php on line 35
[19-Oct-2018 23:45:45 UTC] PHP Stack trace:
[19-Oct-2018 23:45:45 UTC] PHP   1. {main}() /home/ubuntu/workspace/cst336/scart/scart/scart.php:0
[19-Oct-2018 23:45:45 UTC] PHP   2. displayCart() /home/ubuntu/workspace/cst336/scart/scart/scart.php:39
[19-Oct-2018 23:45:46 UTC] PHP Warning:  Invalid argument supplied for foreach() in /home/ubuntu/workspace/cst336/scart/scart/functions.php on line 35
[19-Oct-2018 23:45:46 UTC] PHP Stack trace:
[19-Oct-2018 23:45:46 UTC] PHP   1. {main}() /home/ubuntu/workspace/cst336/scart/scart/scart.php:0
[19-Oct-2018 23:45:46 UTC] PHP   2. displayCart() /home/ubuntu/workspace/cst336/scart/scart/scart.php:39
[19-Oct-2018 23:48:11 UTC] PHP Warning:  Invalid argument supplied for foreach() in /home/ubuntu/workspace/cst336/scart/scart/functions.php on line 35
[19-Oct-2018 23:48:11 UTC] PHP Stack trace:
[19-Oct-2018 23:48:11 UTC] PHP   1. {main}() /home/ubuntu/workspace/cst336/scart/scart/scart.php:0
[19-Oct-2018 23:48:11 UTC] PHP   2. displayCart() /home/ubuntu/workspace/cst336/scart/scart/scart.php:39
[19-Oct-2018 23:48:12 UTC] PHP Warning:  Invalid argument supplied for foreach() in /home/ubuntu/workspace/cst336/scart/scart/functions.php on line 35
[19-Oct-2018 23:48:12 UTC] PHP Stack trace:
[19-Oct-2018 23:48:12 UTC] PHP   1. {main}() /home/ubuntu/workspace/cst336/scart/scart/scart.php:0
[19-Oct-2018 23:48:12 UTC] PHP   2. displayCart() /home/ubuntu/workspace/cst336/scart/scart/scart.php:39
[19-Oct-2018 23:48:12 UTC] PHP Warning:  Invalid argument supplied for foreach() in /home/ubuntu/workspace/cst336/scart/scart/functions.php on line 35
[19-Oct-2018 23:48:12 UTC] PHP Stack trace:
[19-Oct-2018 23:48:12 UTC] PHP   1. {main}() /home/ubuntu/workspace/cst336/scart/scart/scart.php:0
[19-Oct-2018 23:48:12 UTC] PHP   2. displayCart() /home/ubuntu/workspace/cst336/scart/scart/scart.php:39
[19-Oct-2018 23:48:12 UTC] PHP Warning:  Invalid argument supplied for foreach() in /home/ubuntu/workspace/cst336/scart/scart/functions.php on line 35
[19-Oct-2018 23:48:12 UTC] PHP Stack trace:
[19-Oct-2018 23:48:12 UTC] PHP   1. {main}() /home/ubuntu/workspace/cst336/scart/scart/scart.php:0
[19-Oct-2018 23:48:12 UTC] PHP   2. displayCart() /home/ubuntu/workspace/cst336/scart/scart/scart.php:39
[19-Oct-2018 23:48:12 UTC] PHP Warning:  Invalid argument supplied for foreach() in /home/ubuntu/workspace/cst336/scart/scart/functions.php on line 35
[19-Oct-2018 23:48:12 UTC] PHP Stack trace:
[19-Oct-2018 23:48:12 UTC] PHP   1. {main}() /home/ubuntu/workspace/cst336/scart/scart/scart.php:0
[19-Oct-2018 23:48:12 UTC] PHP   2. displayCart() /home/ubuntu/workspace/cst336/scart/scart/scart.php:39
[19-Oct-2018 23:48:38 UTC] PHP Warning:  array_push() expects parameter 1 to be array, string given in /home/ubuntu/workspace/cst336/scart/scart/index.php on line 19
[19-Oct-2018 23:48:38 UTC] PHP Stack trace:
[19-Oct-2018 23:48:38 UTC] PHP   1. {main}() /home/ubuntu/workspace/cst336/scart/scart/index.php:0
[19-Oct-2018 23:48:38 UTC] PHP   2. array_push() /home/ubuntu/workspace/cst336/scart/scart/index.php:19
[19-Oct-2018 23:48:39 UTC] PHP Warning:  array_push() expects parameter 1 to be array, string given in /home/ubuntu/workspace/cst336/scart/scart/index.php on line 19
[19-Oct-2018 23:48:39 UTC] PHP Stack trace:
[19-Oct-2018 23:48:39 UTC] PHP   1. {main}() /home/ubuntu/workspace/cst336/scart/scart/index.php:0
[19-Oct-2018 23:48:39 UTC] PHP   2. array_push() /home/ubuntu/workspace/cst336/scart/scart/index.php:19
[19-Oct-2018 23:48:40 UTC] PHP Warning:  Invalid argument supplied for foreach() in /home/ubuntu/workspace/cst336/scart/scart/functions.php on line 35
[19-Oct-2018 23:48:40 UTC] PHP Stack trace:
[19-Oct-2018 23:48:40 UTC] PHP   1. {main}() /home/ubuntu/workspace/cst336/scart/scart/scart.php:0
[19-Oct-2018 23:48:40 UTC] PHP   2. displayCart() /home/ubuntu/workspace/cst336/scart/scart/scart.php:39
[19-Oct-2018 23:51:53 UTC] PHP Warning:  array_push() expects parameter 1 to be array, string given in /home/ubuntu/workspace/cst336/scart/scart/index.php on line 19
[19-Oct-2018 23:51:53 UTC] PHP Stack trace:
[19-Oct-2018 23:51:53 UTC] PHP   1. {main}() /home/ubuntu/workspace/cst336/scart/scart/index.php:0
[19-Oct-2018 23:51:53 UTC] PHP   2. array_push() /home/ubuntu/workspace/cst336/scart/scart/index.php:19
[19-Oct-2018 23:51:55 UTC] PHP Warning:  array_push() expects parameter 1 to be array, string given in /home/ubuntu/workspace/cst336/scart/scart/index.php on line 19
[19-Oct-2018 23:51:55 UTC] PHP Stack trace:
[19-Oct-2018 23:51:55 UTC] PHP   1. {main}() /home/ubuntu/workspace/cst336/scart/scart/index.php:0
[19-Oct-2018 23:51:55 UTC] PHP   2. array_push() /home/ubuntu/workspace/cst336/scart/scart/index.php:19
[19-Oct-2018 23:51:56 UTC] PHP Warning:  Invalid argument supplied for foreach() in /home/ubuntu/workspace/cst336/scart/scart/functions.php on line 35
[19-Oct-2018 23:51:56 UTC] PHP Stack trace:
[19-Oct-2018 23:51:56 UTC] PHP   1. {main}() /home/ubuntu/workspace/cst336/scart/scart/scart.php:0
[19-Oct-2018 23:51:56 UTC] PHP   2. displayCart() /home/ubuntu/workspace/cst336/scart/scart/scart.php:39
[20-Oct-2018 00:47:55 UTC] PHP Warning:  Invalid argument supplied for foreach() in /home/ubuntu/workspace/cst336/scart/scart/functions.php on line 35
[20-Oct-2018 00:47:55 UTC] PHP Stack trace:
[20-Oct-2018 00:47:55 UTC] PHP   1. {main}() /home/ubuntu/workspace/cst336/scart/scart/scart.php:0
[20-Oct-2018 00:47:55 UTC] PHP   2. displayCart() /home/ubuntu/workspace/cst336/scart/scart/scart.php:39
[20-Oct-2018 00:48:03 UTC] PHP Warning:  array_push() expects parameter 1 to be array, string given in /home/ubuntu/workspace/cst336/scart/scart/index.php on line 19
[20-Oct-2018 00:48:03 UTC] PHP Stack trace:
[20-Oct-2018 00:48:03 UTC] PHP   1. {main}() /home/ubuntu/workspace/cst336/scart/scart/index.php:0
[20-Oct-2018 00:48:03 UTC] PHP   2. array_push() /home/ubuntu/workspace/cst336/scart/scart/index.php:19
[20-Oct-2018 00:48:04 UTC] PHP Warning:  Invalid argument supplied for foreach() in /home/ubuntu/workspace/cst336/scart/scart/functions.php on line 35
[20-Oct-2018 00:48:04 UTC] PHP Stack trace:
[20-Oct-2018 00:48:04 UTC] PHP   1. {main}() /home/ubuntu/workspace/cst336/scart/scart/scart.php:0
[20-Oct-2018 00:48:04 UTC] PHP   2. displayCart() /home/ubuntu/workspace/cst336/scart/scart/scart.php:39
[20-Oct-2018 00:50:44 UTC] PHP Warning:  array_push() expects parameter 1 to be array, string given in /home/ubuntu/workspace/cst336/scart/scart/index.php on line 19
[20-Oct-2018 00:50:44 UTC] PHP Stack trace:
[20-Oct-2018 00:50:44 UTC] PHP   1. {main}() /home/ubuntu/workspace/cst336/scart/scart/index.php:0
[20-Oct-2018 00:50:44 UTC] PHP   2. array_push() /home/ubuntu/workspace/cst336/scart/scart/index.php:19
[20-Oct-2018 00:50:46 UTC] PHP Warning:  array_push() expects parameter 1 to be array, string given in /home/ubuntu/workspace/cst336/scart/scart/index.php on line 19
[20-Oct-2018 00:50:46 UTC] PHP Stack trace:
[20-Oct-2018 00:50:46 UTC] PHP   1. {main}() /home/ubuntu/workspace/cst336/scart/scart/index.php:0
[20-Oct-2018 00:50:46 UTC] PHP   2. array_push() /home/ubuntu/workspace/cst336/scart/scart/index.php:19
[20-Oct-2018 00:50:55 UTC] PHP Warning:  array_push() expects parameter 1 to be array, string given in /home/ubuntu/workspace/cst336/scart/scart/index.php on line 19
[20-Oct-2018 00:50:55 UTC] PHP Stack trace:
[20-Oct-2018 00:50:55 UTC] PHP   1. {main}() /home/ubuntu/workspace/cst336/scart/scart/index.php:0
[20-Oct-2018 00:50:55 UTC] PHP   2. array_push() /home/ubuntu/workspace/cst336/scart/scart/index.php:19
[20-Oct-2018 00:51:05 UTC] PHP Warning:  array_push() expects parameter 1 to be array, string given in /home/ubuntu/workspace/cst336/scart/scart/index.php on line 19
[20-Oct-2018 00:51:05 UTC] PHP Stack trace:
[20-Oct-2018 00:51:05 UTC] PHP   1. {main}() /home/ubuntu/workspace/cst336/scart/scart/index.php:0
[20-Oct-2018 00:51:05 UTC] PHP   2. array_push() /home/ubuntu/workspace/cst336/scart/scart/index.php:19
[20-Oct-2018 00:51:06 UTC] PHP Warning:  array_push() expects parameter 1 to be array, string given in /home/ubuntu/workspace/cst336/scart/scart/index.php on line 19
[20-Oct-2018 00:51:06 UTC] PHP Stack trace:
[20-Oct-2018 00:51:06 UTC] PHP   1. {main}() /home/ubuntu/workspace/cst336/scart/scart/index.php:0
[20-Oct-2018 00:51:06 UTC] PHP   2. array_push() /home/ubuntu/workspace/cst336/scart/scart/index.php:19
[20-Oct-2018 00:51:09 UTC] PHP Warning:  array_push() expects parameter 1 to be array, string given in /home/ubuntu/workspace/cst336/scart/scart/index.php on line 19
[20-Oct-2018 00:51:09 UTC] PHP Stack trace:
[20-Oct-2018 00:51:09 UTC] PHP   1. {main}() /home/ubuntu/workspace/cst336/scart/scart/index.php:0
[20-Oct-2018 00:51:09 UTC] PHP   2. array_push() /home/ubuntu/workspace/cst336/scart/scart/index.php:19
[20-Oct-2018 00:51:40 UTC] PHP Warning:  array_push() expects parameter 1 to be array, string given in /home/ubuntu/workspace/cst336/scart/scart/index.php on line 19
[20-Oct-2018 00:51:40 UTC] PHP Stack trace:
[20-Oct-2018 00:51:40 UTC] PHP   1. {main}() /home/ubuntu/workspace/cst336/scart/scart/index.php:0
[20-Oct-2018 00:51:40 UTC] PHP   2. array_push() /home/ubuntu/workspace/cst336/scart/scart/index.php:19
[20-Oct-2018 00:56:47 UTC] PHP Warning:  array_push() expects parameter 1 to be array, string given in /home/ubuntu/workspace/cst336/scart/scart/index.php on line 18
[20-Oct-2018 00:56:47 UTC] PHP Stack trace:
[20-Oct-2018 00:56:47 UTC] PHP   1. {main}() /home/ubuntu/workspace/cst336/scart/scart/index.php:0
[20-Oct-2018 00:56:47 UTC] PHP   2. array_push() /home/ubuntu/workspace/cst336/scart/scart/index.php:18
[20-Oct-2018 00:57:01 UTC] PHP Warning:  array_push() expects parameter 1 to be array, string given in /home/ubuntu/workspace/cst336/scart/scart/index.php on line 18
[20-Oct-2018 00:57:01 UTC] PHP Stack trace:
[20-Oct-2018 00:57:01 UTC] PHP   1. {main}() /home/ubuntu/workspace/cst336/scart/scart/index.php:0
[20-Oct-2018 00:57:01 UTC] PHP   2. array_push() /home/ubuntu/workspace/cst336/scart/scart/index.php:18
[20-Oct-2018 00:57:20 UTC] PHP Warning:  array_push() expects parameter 1 to be array, string given in /home/ubuntu/workspace/cst336/scart/scart/index.php on line 18
[20-Oct-2018 00:57:20 UTC] PHP Stack trace:
[20-Oct-2018 00:57:20 UTC] PHP   1. {main}() /home/ubuntu/workspace/cst336/scart/scart/index.php:0
[20-Oct-2018 00:57:20 UTC] PHP   2. array_push() /home/ubuntu/workspace/cst336/scart/scart/index.php:18
[20-Oct-2018 00:58:07 UTC] PHP Warning:  array_push() expects parameter 1 to be array, string given in /home/ubuntu/workspace/cst336/scart/scart/index.php on line 18
[20-Oct-2018 00:58:07 UTC] PHP Stack trace:
[20-Oct-2018 00:58:07 UTC] PHP   1. {main}() /home/ubuntu/workspace/cst336/scart/scart/index.php:0
[20-Oct-2018 00:58:07 UTC] PHP   2. array_push() /home/ubuntu/workspace/cst336/scart/scart/index.php:18
[20-Oct-2018 01:12:05 UTC] PHP Warning:  Invalid argument supplied for foreach() in /home/ubuntu/workspace/cst336/scart/scart/functions.php on line 35
[20-Oct-2018 01:12:05 UTC] PHP Stack trace:
[20-Oct-2018 01:12:05 UTC] PHP   1. {main}() /home/ubuntu/workspace/cst336/scart/scart/scart.php:0
[20-Oct-2018 01:12:05 UTC] PHP   2. displayCart() /home/ubuntu/workspace/cst336/scart/scart/scart.php:41
[20-Oct-2018 01:15:03 UTC] PHP Warning:  Invalid argument supplied for foreach() in /home/ubuntu/workspace/cst336/scart/scart/functions.php on line 35
[20-Oct-2018 01:15:03 UTC] PHP Stack trace:
[20-Oct-2018 01:15:03 UTC] PHP   1. {main}() /home/ubuntu/workspace/cst336/scart/scart/scart.php:0
[20-Oct-2018 01:15:03 UTC] PHP   2. displayCart() /home/ubuntu/workspace/cst336/scart/scart/scart.php:41
[20-Oct-2018 01:15:10 UTC] PHP Warning:  array_push() expects parameter 1 to be array, null given in /home/ubuntu/workspace/cst336/scart/scart/index.php on line 13
[20-Oct-2018 01:15:10 UTC] PHP Stack trace:
[20-Oct-2018 01:15:10 UTC] PHP   1. {main}() /home/ubuntu/workspace/cst336/scart/scart/index.php:0
[20-Oct-2018 01:15:10 UTC] PHP   2. array_push() /home/ubuntu/workspace/cst336/scart/scart/index.php:13
[20-Oct-2018 01:15:11 UTC] PHP Warning:  Invalid argument supplied for foreach() in /home/ubuntu/workspace/cst336/scart/scart/functions.php on line 35
[20-Oct-2018 01:15:11 UTC] PHP Stack trace:
[20-Oct-2018 01:15:11 UTC] PHP   1. {main}() /home/ubuntu/workspace/cst336/scart/scart/scart.php:0
[20-Oct-2018 01:15:11 UTC] PHP   2. displayCart() /home/ubuntu/workspace/cst336/scart/scart/scart.php:41
[20-Oct-2018 01:15:41 UTC] PHP Warning:  Invalid argument supplied for foreach() in /home/ubuntu/workspace/cst336/scart/scart/functions.php on line 35
[20-Oct-2018 01:15:41 UTC] PHP Stack trace:
[20-Oct-2018 01:15:41 UTC] PHP   1. {main}() /home/ubuntu/workspace/cst336/scart/scart/scart.php:0
[20-Oct-2018 01:15:41 UTC] PHP   2. displayCart() /home/ubuntu/workspace/cst336/scart/scart/scart.php:41
[20-Oct-2018 01:15:42 UTC] PHP Warning:  Invalid argument supplied for foreach() in /home/ubuntu/workspace/cst336/scart/scart/functions.php on line 35
[20-Oct-2018 01:15:42 UTC] PHP Stack trace:
[20-Oct-2018 01:15:42 UTC] PHP   1. {main}() /home/ubuntu/workspace/cst336/scart/scart/scart.php:0
[20-Oct-2018 01:15:42 UTC] PHP   2. displayCart() /home/ubuntu/workspace/cst336/scart/scart/scart.php:41
[20-Oct-2018 01:15:43 UTC] PHP Warning:  Invalid argument supplied for foreach() in /home/ubuntu/workspace/cst336/scart/scart/functions.php on line 35
[20-Oct-2018 01:15:43 UTC] PHP Stack trace:
[20-Oct-2018 01:15:43 UTC] PHP   1. {main}() /home/ubuntu/workspace/cst336/scart/scart/scart.php:0
[20-Oct-2018 01:15:43 UTC] PHP   2. displayCart() /home/ubuntu/workspace/cst336/scart/scart/scart.php:41
[20-Oct-2018 01:15:55 UTC] PHP Warning:  Invalid argument supplied for foreach() in /home/ubuntu/workspace/cst336/scart/scart/functions.php on line 35
[20-Oct-2018 01:15:55 UTC] PHP Stack trace:
[20-Oct-2018 01:15:55 UTC] PHP   1. {main}() /home/ubuntu/workspace/cst336/scart/scart/scart.php:0
[20-Oct-2018 01:15:55 UTC] PHP   2. displayCart() /home/ubuntu/workspace/cst336/scart/scart/scart.php:41
[20-Oct-2018 01:15:56 UTC] PHP Warning:  Invalid argument supplied for foreach() in /home/ubuntu/workspace/cst336/scart/scart/functions.php on line 35
[20-Oct-2018 01:15:56 UTC] PHP Stack trace:
[20-Oct-2018 01:15:56 UTC] PHP   1. {main}() /home/ubuntu/workspace/cst336/scart/scart/scart.php:0
[20-Oct-2018 01:15:56 UTC] PHP   2. displayCart() /home/ubuntu/workspace/cst336/scart/scart/scart.php:41
[20-Oct-2018 01:17:49 UTC] PHP Warning:  Invalid argument supplied for foreach() in /home/ubuntu/workspace/cst336/scart/scart/functions.php on line 35
[20-Oct-2018 01:17:49 UTC] PHP Stack trace:
[20-Oct-2018 01:17:49 UTC] PHP   1. {main}() /home/ubuntu/workspace/cst336/scart/scart/scart.php:0
[20-Oct-2018 01:17:49 UTC] PHP   2. displayCart() /home/ubuntu/workspace/cst336/scart/scart/scart.php:41
[20-Oct-2018 01:18:41 UTC] PHP Warning:  Invalid argument supplied for foreach() in /home/ubuntu/workspace/cst336/scart/scart/functions.php on line 34
[20-Oct-2018 01:18:41 UTC] PHP Stack trace:
[20-Oct-2018 01:18:41 UTC] PHP   1. {main}() /home/ubuntu/workspace/cst336/scart/scart/scart.php:0
[20-Oct-2018 01:18:41 UTC] PHP   2. displayCart() /home/ubuntu/workspace/cst336/scart/scart/scart.php:41
[20-Oct-2018 01:19:22 UTC] PHP Warning:  Invalid argument supplied for foreach() in /home/ubuntu/workspace/cst336/scart/scart/functions.php on line 34
[20-Oct-2018 01:19:22 UTC] PHP Stack trace:
[20-Oct-2018 01:19:22 UTC] PHP   1. {main}() /home/ubuntu/workspace/cst336/scart/scart/scart.php:0
[20-Oct-2018 01:19:22 UTC] PHP   2. displayCart() /home/ubuntu/workspace/cst336/scart/scart/scart.php:41
[20-Oct-2018 01:19:30 UTC] PHP Warning:  array_push() expects parameter 1 to be array, string given in /home/ubuntu/workspace/cst336/scart/scart/index.php on line 13
[20-Oct-2018 01:19:30 UTC] PHP Stack trace:
[20-Oct-2018 01:19:30 UTC] PHP   1. {main}() /home/ubuntu/workspace/cst336/scart/scart/index.php:0
[20-Oct-2018 01:19:30 UTC] PHP   2. array_push() /home/ubuntu/workspace/cst336/scart/scart/index.php:13
[20-Oct-2018 01:19:32 UTC] PHP Warning:  Invalid argument supplied for foreach() in /home/ubuntu/workspace/cst336/scart/scart/functions.php on line 34
[20-Oct-2018 01:19:32 UTC] PHP Stack trace:
[20-Oct-2018 01:19:32 UTC] PHP   1. {main}() /home/ubuntu/workspace/cst336/scart/scart/scart.php:0
[20-Oct-2018 01:19:32 UTC] PHP   2. displayCart() /home/ubuntu/workspace/cst336/scart/scart/scart.php:41
[20-Oct-2018 01:20:23 UTC] PHP Warning:  array_push() expects parameter 1 to be array, string given in /home/ubuntu/workspace/cst336/scart/scart/index.php on line 14
[20-Oct-2018 01:20:23 UTC] PHP Stack trace:
[20-Oct-2018 01:20:23 UTC] PHP   1. {main}() /home/ubuntu/workspace/cst336/scart/scart/index.php:0
[20-Oct-2018 01:20:23 UTC] PHP   2. array_push() /home/ubuntu/workspace/cst336/scart/scart/index.php:14
[20-Oct-2018 01:20:26 UTC] PHP Warning:  array_push() expects parameter 1 to be array, string given in /home/ubuntu/workspace/cst336/scart/scart/index.php on line 14
[20-Oct-2018 01:20:26 UTC] PHP Stack trace:
[20-Oct-2018 01:20:26 UTC] PHP   1. {main}() /home/ubuntu/workspace/cst336/scart/scart/index.php:0
[20-Oct-2018 01:20:26 UTC] PHP   2. array_push() /home/ubuntu/workspace/cst336/scart/scart/index.php:14
[20-Oct-2018 01:20:30 UTC] PHP Warning:  Invalid argument supplied for foreach() in /home/ubuntu/workspace/cst336/scart/scart/functions.php on line 34
[20-Oct-2018 01:20:30 UTC] PHP Stack trace:
[20-Oct-2018 01:20:30 UTC] PHP   1. {main}() /home/ubuntu/workspace/cst336/scart/scart/scart.php:0
[20-Oct-2018 01:20:30 UTC] PHP   2. displayCart() /home/ubuntu/workspace/cst336/scart/scart/scart.php:41
[20-Oct-2018 01:23:29 UTC] PHP Warning:  Invalid argument supplied for foreach() in /home/ubuntu/workspace/cst336/scart/scart/functions.php on line 34
[20-Oct-2018 01:23:29 UTC] PHP Stack trace:
[20-Oct-2018 01:23:29 UTC] PHP   1. {main}() /home/ubuntu/workspace/cst336/scart/scart/scart.php:0
[20-Oct-2018 01:23:29 UTC] PHP   2. displayCart() /home/ubuntu/workspace/cst336/scart/scart/scart.php:41
[20-Oct-2018 01:23:36 UTC] PHP Warning:  array_push() expects parameter 1 to be array, string given in /home/ubuntu/workspace/cst336/scart/scart/index.php on line 14
[20-Oct-2018 01:23:36 UTC] PHP Stack trace:
[20-Oct-2018 01:23:36 UTC] PHP   1. {main}() /home/ubuntu/workspace/cst336/scart/scart/index.php:0
[20-Oct-2018 01:23:36 UTC] PHP   2. array_push() /home/ubuntu/workspace/cst336/scart/scart/index.php:14
[20-Oct-2018 01:23:37 UTC] PHP Warning:  Invalid argument supplied for foreach() in /home/ubuntu/workspace/cst336/scart/scart/functions.php on line 34
[20-Oct-2018 01:23:37 UTC] PHP Stack trace:
[20-Oct-2018 01:23:37 UTC] PHP   1. {main}() /home/ubuntu/workspace/cst336/scart/scart/scart.php:0
[20-Oct-2018 01:23:37 UTC] PHP   2. displayCart() /home/ubuntu/workspace/cst336/scart/scart/scart.php:41
[20-Oct-2018 01:27:36 UTC] PHP Warning:  array_push() expects parameter 1 to be array, string given in /home/ubuntu/workspace/cst336/scart/scart/index.php on line 14
[20-Oct-2018 01:27:36 UTC] PHP Stack trace:
[20-Oct-2018 01:27:36 UTC] PHP   1. {main}() /home/ubuntu/workspace/cst336/scart/scart/index.php:0
[20-Oct-2018 01:27:36 UTC] PHP   2. array_push() /home/ubuntu/workspace/cst336/scart/scart/index.php:14
[20-Oct-2018 01:27:37 UTC] PHP Warning:  Invalid argument supplied for foreach() in /home/ubuntu/workspace/cst336/scart/scart/functions.php on line 34
[20-Oct-2018 01:27:37 UTC] PHP Stack trace:
[20-Oct-2018 01:27:37 UTC] PHP   1. {main}() /home/ubuntu/workspace/cst336/scart/scart/scart.php:0
[20-Oct-2018 01:27:37 UTC] PHP   2. displayCart() /home/ubuntu/workspace/cst336/scart/scart/scart.php:41
[20-Oct-2018 01:33:37 UTC] PHP Warning:  Invalid argument supplied for foreach() in /home/ubuntu/workspace/cst336/scart/scart/functions.php on line 34
[20-Oct-2018 01:33:37 UTC] PHP Stack trace:
[20-Oct-2018 01:33:37 UTC] PHP   1. {main}() /home/ubuntu/workspace/cst336/scart/scart/scart.php:0
[20-Oct-2018 01:33:37 UTC] PHP   2. displayCart() /home/ubuntu/workspace/cst336/scart/scart/scart.php:41
[20-Oct-2018 01:35:35 UTC] PHP Warning:  Invalid argument supplied for foreach() in /home/ubuntu/workspace/cst336/scart/scart/functions.php on line 35
[20-Oct-2018 01:35:35 UTC] PHP Stack trace:
[20-Oct-2018 01:35:35 UTC] PHP   1. {main}() /home/ubuntu/workspace/cst336/scart/scart/scart.php:0
[20-Oct-2018 01:35:35 UTC] PHP   2. displayCart() /home/ubuntu/workspace/cst336/scart/scart/scart.php:41
[20-Oct-2018 01:36:32 UTC] PHP Warning:  Invalid argument supplied for foreach() in /home/ubuntu/workspace/cst336/scart/scart/functions.php on line 35
[20-Oct-2018 01:36:32 UTC] PHP Stack trace:
[20-Oct-2018 01:36:32 UTC] PHP   1. {main}() /home/ubuntu/workspace/cst336/scart/scart/scart.php:0
[20-Oct-2018 01:36:32 UTC] PHP   2. displayCart() /home/ubuntu/workspace/cst336/scart/scart/scart.php:41
