[04-Dec-2018 18:19:28 UTC] PHP Warning:  include(loginProcess.php): failed to open stream: No such file or directory in /home/ubuntu/workspace/cst336/finalProject/index.php on line 2
[04-Dec-2018 18:19:28 UTC] PHP Stack trace:
[04-Dec-2018 18:19:28 UTC] PHP   1. {main}() /home/ubuntu/workspace/cst336/finalProject/index.php:0
[04-Dec-2018 18:19:28 UTC] PHP Warning:  include(): Failed opening 'loginProcess.php' for inclusion (include_path='.:/usr/share/php:/usr/share/pear') in /home/ubuntu/workspace/cst336/finalProject/index.php on line 2
[04-Dec-2018 18:19:28 UTC] PHP Stack trace:
[04-Dec-2018 18:19:28 UTC] PHP   1. {main}() /home/ubuntu/workspace/cst336/finalProject/index.php:0
[11-Dec-2018 04:31:42 UTC] PHP Warning:  include(inc/funcions.php): failed to open stream: No such file or directory in /home/ubuntu/workspace/cst336/finalProject/index.php on line 2
[11-Dec-2018 04:31:42 UTC] PHP Stack trace:
[11-Dec-2018 04:31:42 UTC] PHP   1. {main}() /home/ubuntu/workspace/cst336/finalProject/index.php:0
[11-Dec-2018 04:31:42 UTC] PHP Warning:  include(): Failed opening 'inc/funcions.php' for inclusion (include_path='.:/usr/share/php:/usr/share/pear') in /home/ubuntu/workspace/cst336/finalProject/index.php on line 2
[11-Dec-2018 04:31:42 UTC] PHP Stack trace:
[11-Dec-2018 04:31:42 UTC] PHP   1. {main}() /home/ubuntu/workspace/cst336/finalProject/index.php:0
[11-Dec-2018 04:31:42 UTC] PHP Fatal error:  Call to undefined function displayMovieInfo() in /home/ubuntu/workspace/cst336/finalProject/index.php on line 23
[11-Dec-2018 04:31:42 UTC] PHP Stack trace:
[11-Dec-2018 04:31:42 UTC] PHP   1. {main}() /home/ubuntu/workspace/cst336/finalProject/index.php:0
[11-Dec-2018 04:32:04 UTC] PHP Fatal error:  Call to a member function prepare() on a non-object in /home/ubuntu/workspace/cst336/finalProject/inc/functions.php on line 17
[11-Dec-2018 04:32:04 UTC] PHP Stack trace:
[11-Dec-2018 04:32:04 UTC] PHP   1. {main}() /home/ubuntu/workspace/cst336/finalProject/index.php:0
[11-Dec-2018 04:32:04 UTC] PHP   2. displayMovieInfo() /home/ubuntu/workspace/cst336/finalProject/index.php:23
[11-Dec-2018 04:32:17 UTC] PHP Fatal error:  Call to a member function prepare() on a non-object in /home/ubuntu/workspace/cst336/finalProject/inc/functions.php on line 17
[11-Dec-2018 04:32:17 UTC] PHP Stack trace:
[11-Dec-2018 04:32:17 UTC] PHP   1. {main}() /home/ubuntu/workspace/cst336/finalProject/index.php:0
[11-Dec-2018 04:32:17 UTC] PHP   2. displayMovieInfo() /home/ubuntu/workspace/cst336/finalProject/index.php:23
[11-Dec-2018 04:33:27 UTC] PHP Warning:  include(../../inc/dbConnection.php): failed to open stream: No such file or directory in /home/ubuntu/workspace/cst336/finalProject/inc/functions.php on line 2
[11-Dec-2018 04:33:27 UTC] PHP Stack trace:
[11-Dec-2018 04:33:27 UTC] PHP   1. {main}() /home/ubuntu/workspace/cst336/finalProject/index.php:0
[11-Dec-2018 04:33:27 UTC] PHP   2. include() /home/ubuntu/workspace/cst336/finalProject/index.php:2
[11-Dec-2018 04:33:27 UTC] PHP Warning:  include(): Failed opening '../../inc/dbConnection.php' for inclusion (include_path='.:/usr/share/php:/usr/share/pear') in /home/ubuntu/workspace/cst336/finalProject/inc/functions.php on line 2
[11-Dec-2018 04:33:27 UTC] PHP Stack trace:
[11-Dec-2018 04:33:27 UTC] PHP   1. {main}() /home/ubuntu/workspace/cst336/finalProject/index.php:0
[11-Dec-2018 04:33:27 UTC] PHP   2. include() /home/ubuntu/workspace/cst336/finalProject/index.php:2
[11-Dec-2018 04:33:27 UTC] PHP Fatal error:  Call to undefined function startConnection() in /home/ubuntu/workspace/cst336/finalProject/inc/functions.php on line 3
[11-Dec-2018 04:33:27 UTC] PHP Stack trace:
[11-Dec-2018 04:33:27 UTC] PHP   1. {main}() /home/ubuntu/workspace/cst336/finalProject/index.php:0
[11-Dec-2018 04:33:27 UTC] PHP   2. include() /home/ubuntu/workspace/cst336/finalProject/index.php:2
[11-Dec-2018 04:38:10 UTC] PHP Warning:  include(../../inc/dbConnection.php): failed to open stream: No such file or directory in /home/ubuntu/workspace/cst336/finalProject/inc/functions.php on line 2
[11-Dec-2018 04:38:10 UTC] PHP Stack trace:
[11-Dec-2018 04:38:10 UTC] PHP   1. {main}() /home/ubuntu/workspace/cst336/finalProject/index.php:0
[11-Dec-2018 04:38:10 UTC] PHP   2. include() /home/ubuntu/workspace/cst336/finalProject/index.php:2
[11-Dec-2018 04:38:10 UTC] PHP Warning:  include(): Failed opening '../../inc/dbConnection.php' for inclusion (include_path='.:/usr/share/php:/usr/share/pear') in /home/ubuntu/workspace/cst336/finalProject/inc/functions.php on line 2
[11-Dec-2018 04:38:10 UTC] PHP Stack trace:
[11-Dec-2018 04:38:10 UTC] PHP   1. {main}() /home/ubuntu/workspace/cst336/finalProject/index.php:0
[11-Dec-2018 04:38:10 UTC] PHP   2. include() /home/ubuntu/workspace/cst336/finalProject/index.php:2
[11-Dec-2018 04:38:10 UTC] PHP Fatal error:  Call to undefined function startConnection() in /home/ubuntu/workspace/cst336/finalProject/inc/functions.php on line 3
[11-Dec-2018 04:38:10 UTC] PHP Stack trace:
[11-Dec-2018 04:38:10 UTC] PHP   1. {main}() /home/ubuntu/workspace/cst336/finalProject/index.php:0
[11-Dec-2018 04:38:10 UTC] PHP   2. include() /home/ubuntu/workspace/cst336/finalProject/index.php:2
[11-Dec-2018 04:39:29 UTC] PHP Fatal error:  Call to a member function prepare() on a non-object in /home/ubuntu/workspace/cst336/finalProject/index.php on line 7
[11-Dec-2018 04:39:29 UTC] PHP Stack trace:
[11-Dec-2018 04:39:29 UTC] PHP   1. {main}() /home/ubuntu/workspace/cst336/finalProject/index.php:0
[11-Dec-2018 04:39:29 UTC] PHP   2. dis() /home/ubuntu/workspace/cst336/finalProject/index.php:39
[11-Dec-2018 04:41:04 UTC] PHP Warning:  include(../../inc/dbConnection.php): failed to open stream: No such file or directory in /home/ubuntu/workspace/cst336/finalProject/inc/functions.php on line 2
[11-Dec-2018 04:41:04 UTC] PHP Stack trace:
[11-Dec-2018 04:41:04 UTC] PHP   1. {main}() /home/ubuntu/workspace/cst336/finalProject/index.php:0
[11-Dec-2018 04:41:04 UTC] PHP   2. include() /home/ubuntu/workspace/cst336/finalProject/index.php:2
[11-Dec-2018 04:41:04 UTC] PHP Warning:  include(): Failed opening '../../inc/dbConnection.php' for inclusion (include_path='.:/usr/share/php:/usr/share/pear') in /home/ubuntu/workspace/cst336/finalProject/inc/functions.php on line 2
[11-Dec-2018 04:41:04 UTC] PHP Stack trace:
[11-Dec-2018 04:41:04 UTC] PHP   1. {main}() /home/ubuntu/workspace/cst336/finalProject/index.php:0
[11-Dec-2018 04:41:04 UTC] PHP   2. include() /home/ubuntu/workspace/cst336/finalProject/index.php:2
[11-Dec-2018 04:41:04 UTC] PHP Fatal error:  Call to undefined function startConnection() in /home/ubuntu/workspace/cst336/finalProject/inc/functions.php on line 3
[11-Dec-2018 04:41:04 UTC] PHP Stack trace:
[11-Dec-2018 04:41:04 UTC] PHP   1. {main}() /home/ubuntu/workspace/cst336/finalProject/index.php:0
[11-Dec-2018 04:41:04 UTC] PHP   2. include() /home/ubuntu/workspace/cst336/finalProject/index.php:2
[11-Dec-2018 04:41:34 UTC] PHP Warning:  include(../../inc/dbConnection.php): failed to open stream: No such file or directory in /home/ubuntu/workspace/cst336/finalProject/inc/functions.php on line 2
[11-Dec-2018 04:41:34 UTC] PHP Stack trace:
[11-Dec-2018 04:41:34 UTC] PHP   1. {main}() /home/ubuntu/workspace/cst336/finalProject/index.php:0
[11-Dec-2018 04:41:34 UTC] PHP   2. include() /home/ubuntu/workspace/cst336/finalProject/index.php:2
[11-Dec-2018 04:41:34 UTC] PHP Warning:  include(): Failed opening '../../inc/dbConnection.php' for inclusion (include_path='.:/usr/share/php:/usr/share/pear') in /home/ubuntu/workspace/cst336/finalProject/inc/functions.php on line 2
[11-Dec-2018 04:41:34 UTC] PHP Stack trace:
[11-Dec-2018 04:41:34 UTC] PHP   1. {main}() /home/ubuntu/workspace/cst336/finalProject/index.php:0
[11-Dec-2018 04:41:34 UTC] PHP   2. include() /home/ubuntu/workspace/cst336/finalProject/index.php:2
[11-Dec-2018 04:41:34 UTC] PHP Fatal error:  Call to undefined function startConnection() in /home/ubuntu/workspace/cst336/finalProject/inc/functions.php on line 3
[11-Dec-2018 04:41:34 UTC] PHP Stack trace:
[11-Dec-2018 04:41:34 UTC] PHP   1. {main}() /home/ubuntu/workspace/cst336/finalProject/index.php:0
[11-Dec-2018 04:41:34 UTC] PHP   2. include() /home/ubuntu/workspace/cst336/finalProject/index.php:2
[11-Dec-2018 04:41:42 UTC] PHP Fatal error:  Cannot redeclare startConnection() (previously declared in /home/ubuntu/workspace/cst336/inc/dbConnection.php:4) in /home/ubuntu/workspace/cst336/inc/dbConnection.php on line 4
[11-Dec-2018 04:41:42 UTC] PHP Stack trace:
[11-Dec-2018 04:41:42 UTC] PHP   1. {main}() /home/ubuntu/workspace/cst336/finalProject/index.php:0
[11-Dec-2018 06:04:13 UTC] PHP Fatal error:  Uncaught exception 'PDOException' with message 'SQLSTATE[23000]: Integrity constraint violation: 1052 Column 'title' in order clause is ambiguous' in /home/ubuntu/workspace/cst336/finalProject/inc/functions.php:68
Stack trace:
#0 /home/ubuntu/workspace/cst336/finalProject/inc/functions.php(68): PDOStatement->execute(Array)
#1 /home/ubuntu/workspace/cst336/finalProject/index.php(14): getResults()
#2 /home/ubuntu/workspace/cst336/finalProject/index.php(62): displayResults()
#3 {main}
  thrown in /home/ubuntu/workspace/cst336/finalProject/inc/functions.php on line 68
[11-Dec-2018 06:05:16 UTC] PHP Fatal error:  Uncaught exception 'PDOException' with message 'SQLSTATE[23000]: Integrity constraint violation: 1052 Column 'title' in on clause is ambiguous' in /home/ubuntu/workspace/cst336/finalProject/inc/functions.php:68
Stack trace:
#0 /home/ubuntu/workspace/cst336/finalProject/inc/functions.php(68): PDOStatement->execute(Array)
#1 /home/ubuntu/workspace/cst336/finalProject/index.php(14): getResults()
#2 /home/ubuntu/workspace/cst336/finalProject/index.php(62): displayResults()
#3 {main}
  thrown in /home/ubuntu/workspace/cst336/finalProject/inc/functions.php on line 68
[11-Dec-2018 06:05:18 UTC] PHP Fatal error:  Uncaught exception 'PDOException' with message 'SQLSTATE[23000]: Integrity constraint violation: 1052 Column 'title' in on clause is ambiguous' in /home/ubuntu/workspace/cst336/finalProject/inc/functions.php:68
Stack trace:
#0 /home/ubuntu/workspace/cst336/finalProject/inc/functions.php(68): PDOStatement->execute(Array)
#1 /home/ubuntu/workspace/cst336/finalProject/index.php(14): getResults()
#2 /home/ubuntu/workspace/cst336/finalProject/index.php(62): displayResults()
#3 {main}
  thrown in /home/ubuntu/workspace/cst336/finalProject/inc/functions.php on line 68
[11-Dec-2018 06:05:22 UTC] PHP Fatal error:  Uncaught exception 'PDOException' with message 'SQLSTATE[23000]: Integrity constraint violation: 1052 Column 'title' in on clause is ambiguous' in /home/ubuntu/workspace/cst336/finalProject/inc/functions.php:68
Stack trace:
#0 /home/ubuntu/workspace/cst336/finalProject/inc/functions.php(68): PDOStatement->execute(Array)
#1 /home/ubuntu/workspace/cst336/finalProject/index.php(14): getResults()
#2 /home/ubuntu/workspace/cst336/finalProject/index.php(62): displayResults()
#3 {main}
  thrown in /home/ubuntu/workspace/cst336/finalProject/inc/functions.php on line 68
[11-Dec-2018 06:05:24 UTC] PHP Fatal error:  Uncaught exception 'PDOException' with message 'SQLSTATE[23000]: Integrity constraint violation: 1052 Column 'title' in on clause is ambiguous' in /home/ubuntu/workspace/cst336/finalProject/inc/functions.php:68
Stack trace:
#0 /home/ubuntu/workspace/cst336/finalProject/inc/functions.php(68): PDOStatement->execute(Array)
#1 /home/ubuntu/workspace/cst336/finalProject/index.php(14): getResults()
#2 /home/ubuntu/workspace/cst336/finalProject/index.php(62): displayResults()
#3 {main}
  thrown in /home/ubuntu/workspace/cst336/finalProject/inc/functions.php on line 68
[11-Dec-2018 06:06:12 UTC] PHP Fatal error:  Uncaught exception 'PDOException' with message 'SQLSTATE[23000]: Integrity constraint violation: 1052 Column 'title' in on clause is ambiguous' in /home/ubuntu/workspace/cst336/finalProject/inc/functions.php:68
Stack trace:
#0 /home/ubuntu/workspace/cst336/finalProject/inc/functions.php(68): PDOStatement->execute(Array)
#1 /home/ubuntu/workspace/cst336/finalProject/index.php(14): getResults()
#2 /home/ubuntu/workspace/cst336/finalProject/index.php(62): displayResults()
#3 {main}
  thrown in /home/ubuntu/workspace/cst336/finalProject/inc/functions.php on line 68
[11-Dec-2018 06:06:15 UTC] PHP Fatal error:  Uncaught exception 'PDOException' with message 'SQLSTATE[23000]: Integrity constraint violation: 1052 Column 'title' in on clause is ambiguous' in /home/ubuntu/workspace/cst336/finalProject/inc/functions.php:68
Stack trace:
#0 /home/ubuntu/workspace/cst336/finalProject/inc/functions.php(68): PDOStatement->execute(Array)
#1 /home/ubuntu/workspace/cst336/finalProject/index.php(14): getResults()
#2 /home/ubuntu/workspace/cst336/finalProject/index.php(62): displayResults()
#3 {main}
  thrown in /home/ubuntu/workspace/cst336/finalProject/inc/functions.php on line 68
[11-Dec-2018 06:07:16 UTC] PHP Fatal error:  Uncaught exception 'PDOException' with message 'SQLSTATE[23000]: Integrity constraint violation: 1052 Column 'title' in on clause is ambiguous' in /home/ubuntu/workspace/cst336/finalProject/inc/functions.php:68
Stack trace:
#0 /home/ubuntu/workspace/cst336/finalProject/inc/functions.php(68): PDOStatement->execute(Array)
#1 /home/ubuntu/workspace/cst336/finalProject/index.php(14): getResults()
#2 /home/ubuntu/workspace/cst336/finalProject/index.php(62): displayResults()
#3 {main}
  thrown in /home/ubuntu/workspace/cst336/finalProject/inc/functions.php on line 68
[11-Dec-2018 06:11:15 UTC] PHP Fatal error:  Call to undefined function getKeywords() in /home/ubuntu/workspace/cst336/finalProject/index.php on line 21
[11-Dec-2018 06:11:15 UTC] PHP Stack trace:
[11-Dec-2018 06:11:15 UTC] PHP   1. {main}() /home/ubuntu/workspace/cst336/finalProject/index.php:0
[11-Dec-2018 06:11:15 UTC] PHP   2. displayResults() /home/ubuntu/workspace/cst336/finalProject/index.php:64
[11-Dec-2018 07:32:39 UTC] PHP Warning:  include(../../inc/dbConnection.php): failed to open stream: No such file or directory in /home/ubuntu/workspace/cst336/finalProject/logout.php on line 4
[11-Dec-2018 07:32:39 UTC] PHP Stack trace:
[11-Dec-2018 07:32:39 UTC] PHP   1. {main}() /home/ubuntu/workspace/cst336/finalProject/logout.php:0
[11-Dec-2018 07:32:39 UTC] PHP Warning:  include(): Failed opening '../../inc/dbConnection.php' for inclusion (include_path='.:/usr/share/php:/usr/share/pear') in /home/ubuntu/workspace/cst336/finalProject/logout.php on line 4
[11-Dec-2018 07:32:39 UTC] PHP Stack trace:
[11-Dec-2018 07:32:39 UTC] PHP   1. {main}() /home/ubuntu/workspace/cst336/finalProject/logout.php:0
[11-Dec-2018 07:32:39 UTC] PHP Fatal error:  Call to undefined function startConnection() in /home/ubuntu/workspace/cst336/finalProject/logout.php on line 5
[11-Dec-2018 07:32:39 UTC] PHP Stack trace:
[11-Dec-2018 07:32:39 UTC] PHP   1. {main}() /home/ubuntu/workspace/cst336/finalProject/logout.php:0
[11-Dec-2018 07:33:28 UTC] PHP Fatal error:  Cannot redeclare startConnection() (previously declared in /home/ubuntu/workspace/cst336/inc/dbConnection.php:4) in /home/ubuntu/workspace/cst336/inc/dbConnection.php on line 4
[11-Dec-2018 07:33:28 UTC] PHP Stack trace:
[11-Dec-2018 07:33:28 UTC] PHP   1. {main}() /home/ubuntu/workspace/cst336/finalProject/logout.php:0
[11-Dec-2018 07:33:28 UTC] PHP   2. include() /home/ubuntu/workspace/cst336/finalProject/logout.php:6
[11-Dec-2018 07:33:28 UTC] PHP Fatal error:  Cannot redeclare startConnection() (previously declared in /home/ubuntu/workspace/cst336/inc/dbConnection.php:4) in /home/ubuntu/workspace/cst336/inc/dbConnection.php on line 4
[11-Dec-2018 07:33:28 UTC] PHP Stack trace:
[11-Dec-2018 07:33:28 UTC] PHP   1. {main}() /home/ubuntu/workspace/cst336/finalProject/logout.php:0
[11-Dec-2018 07:33:28 UTC] PHP   2. include() /home/ubuntu/workspace/cst336/finalProject/logout.php:6
[11-Dec-2018 07:39:58 UTC] PHP Warning:  include(../../inc/dbConnection.php): failed to open stream: No such file or directory in /home/ubuntu/workspace/cst336/finalProject/admin.php on line 4
[11-Dec-2018 07:39:58 UTC] PHP Stack trace:
[11-Dec-2018 07:39:58 UTC] PHP   1. {main}() /home/ubuntu/workspace/cst336/finalProject/admin.php:0
[11-Dec-2018 07:39:58 UTC] PHP Warning:  include(): Failed opening '../../inc/dbConnection.php' for inclusion (include_path='.:/usr/share/php:/usr/share/pear') in /home/ubuntu/workspace/cst336/finalProject/admin.php on line 4
[11-Dec-2018 07:39:58 UTC] PHP Stack trace:
[11-Dec-2018 07:39:58 UTC] PHP   1. {main}() /home/ubuntu/workspace/cst336/finalProject/admin.php:0
[11-Dec-2018 07:39:58 UTC] PHP Fatal error:  Call to undefined function startConnection() in /home/ubuntu/workspace/cst336/finalProject/admin.php on line 5
[11-Dec-2018 07:39:58 UTC] PHP Stack trace:
[11-Dec-2018 07:39:58 UTC] PHP   1. {main}() /home/ubuntu/workspace/cst336/finalProject/admin.php:0
[11-Dec-2018 07:40:15 UTC] PHP Fatal error:  Cannot redeclare startConnection() (previously declared in /home/ubuntu/workspace/cst336/inc/dbConnection.php:4) in /home/ubuntu/workspace/cst336/inc/dbConnection.php on line 4
[11-Dec-2018 07:40:15 UTC] PHP Stack trace:
[11-Dec-2018 07:40:15 UTC] PHP   1. {main}() /home/ubuntu/workspace/cst336/finalProject/admin.php:0
[11-Dec-2018 07:40:15 UTC] PHP   2. include() /home/ubuntu/workspace/cst336/finalProject/admin.php:7
[11-Dec-2018 07:40:29 UTC] PHP Fatal error:  Call to undefined function startConnection() in /home/ubuntu/workspace/cst336/finalProject/admin.php on line 4
[11-Dec-2018 07:40:29 UTC] PHP Stack trace:
[11-Dec-2018 07:40:29 UTC] PHP   1. {main}() /home/ubuntu/workspace/cst336/finalProject/admin.php:0
[11-Dec-2018 19:42:07 UTC] PHP Fatal error:  Cannot redeclare startConnection() (previously declared in /home/ubuntu/workspace/cst336/inc/dbConnection.php:4) in /home/ubuntu/workspace/cst336/inc/dbConnection.php on line 4
[11-Dec-2018 19:42:07 UTC] PHP Stack trace:
[11-Dec-2018 19:42:07 UTC] PHP   1. {main}() /home/ubuntu/workspace/cst336/finalProject/updateMovie.php:0
[11-Dec-2018 19:42:07 UTC] PHP   2. include() /home/ubuntu/workspace/cst336/finalProject/updateMovie.php:6
[11-Dec-2018 19:56:10 UTC] PHP Fatal error:  Call to undefined function tostring() in /home/ubuntu/workspace/cst336/finalProject/inc/functions.php on line 29
[11-Dec-2018 19:56:10 UTC] PHP Stack trace:
[11-Dec-2018 19:56:10 UTC] PHP   1. {main}() /home/ubuntu/workspace/cst336/finalProject/admin.php:0
[11-Dec-2018 19:56:10 UTC] PHP   2. displayAllMovies() /home/ubuntu/workspace/cst336/finalProject/admin.php:50
[11-Dec-2018 19:56:59 UTC] PHP Warning:  Illegal string offset 'title' in /home/ubuntu/workspace/cst336/finalProject/inc/functions.php on line 31
[11-Dec-2018 19:56:59 UTC] PHP Stack trace:
[11-Dec-2018 19:56:59 UTC] PHP   1. {main}() /home/ubuntu/workspace/cst336/finalProject/admin.php:0
[11-Dec-2018 19:56:59 UTC] PHP   2. displayAllMovies() /home/ubuntu/workspace/cst336/finalProject/admin.php:50
[11-Dec-2018 19:56:59 UTC] PHP Warning:  Illegal string offset 'title' in /home/ubuntu/workspace/cst336/finalProject/inc/functions.php on line 31
[11-Dec-2018 19:56:59 UTC] PHP Stack trace:
[11-Dec-2018 19:56:59 UTC] PHP   1. {main}() /home/ubuntu/workspace/cst336/finalProject/admin.php:0
[11-Dec-2018 19:56:59 UTC] PHP   2. displayAllMovies() /home/ubuntu/workspace/cst336/finalProject/admin.php:50
[11-Dec-2018 19:56:59 UTC] PHP Warning:  Illegal string offset 'title' in /home/ubuntu/workspace/cst336/finalProject/inc/functions.php on line 31
[11-Dec-2018 19:56:59 UTC] PHP Stack trace:
[11-Dec-2018 19:56:59 UTC] PHP   1. {main}() /home/ubuntu/workspace/cst336/finalProject/admin.php:0
[11-Dec-2018 19:56:59 UTC] PHP   2. displayAllMovies() /home/ubuntu/workspace/cst336/finalProject/admin.php:50
[11-Dec-2018 19:56:59 UTC] PHP Warning:  Illegal string offset 'title' in /home/ubuntu/workspace/cst336/finalProject/inc/functions.php on line 31
[11-Dec-2018 19:56:59 UTC] PHP Stack trace:
[11-Dec-2018 19:56:59 UTC] PHP   1. {main}() /home/ubuntu/workspace/cst336/finalProject/admin.php:0
[11-Dec-2018 19:56:59 UTC] PHP   2. displayAllMovies() /home/ubuntu/workspace/cst336/finalProject/admin.php:50
[11-Dec-2018 19:56:59 UTC] PHP Warning:  Illegal string offset 'title' in /home/ubuntu/workspace/cst336/finalProject/inc/functions.php on line 31
[11-Dec-2018 19:56:59 UTC] PHP Stack trace:
[11-Dec-2018 19:56:59 UTC] PHP   1. {main}() /home/ubuntu/workspace/cst336/finalProject/admin.php:0
[11-Dec-2018 19:56:59 UTC] PHP   2. displayAllMovies() /home/ubuntu/workspace/cst336/finalProject/admin.php:50
[11-Dec-2018 19:56:59 UTC] PHP Warning:  Illegal string offset 'title' in /home/ubuntu/workspace/cst336/finalProject/inc/functions.php on line 31
[11-Dec-2018 19:56:59 UTC] PHP Stack trace:
[11-Dec-2018 19:56:59 UTC] PHP   1. {main}() /home/ubuntu/workspace/cst336/finalProject/admin.php:0
[11-Dec-2018 19:56:59 UTC] PHP   2. displayAllMovies() /home/ubuntu/workspace/cst336/finalProject/admin.php:50
[11-Dec-2018 19:56:59 UTC] PHP Warning:  Illegal string offset 'title' in /home/ubuntu/workspace/cst336/finalProject/inc/functions.php on line 31
[11-Dec-2018 19:56:59 UTC] PHP Stack trace:
[11-Dec-2018 19:56:59 UTC] PHP   1. {main}() /home/ubuntu/workspace/cst336/finalProject/admin.php:0
[11-Dec-2018 19:56:59 UTC] PHP   2. displayAllMovies() /home/ubuntu/workspace/cst336/finalProject/admin.php:50
[11-Dec-2018 19:56:59 UTC] PHP Warning:  Illegal string offset 'title' in /home/ubuntu/workspace/cst336/finalProject/inc/functions.php on line 31
[11-Dec-2018 19:56:59 UTC] PHP Stack trace:
[11-Dec-2018 19:56:59 UTC] PHP   1. {main}() /home/ubuntu/workspace/cst336/finalProject/admin.php:0
[11-Dec-2018 19:56:59 UTC] PHP   2. displayAllMovies() /home/ubuntu/workspace/cst336/finalProject/admin.php:50
[11-Dec-2018 19:56:59 UTC] PHP Warning:  Illegal string offset 'title' in /home/ubuntu/workspace/cst336/finalProject/inc/functions.php on line 31
[11-Dec-2018 19:56:59 UTC] PHP Stack trace:
[11-Dec-2018 19:56:59 UTC] PHP   1. {main}() /home/ubuntu/workspace/cst336/finalProject/admin.php:0
[11-Dec-2018 19:56:59 UTC] PHP   2. displayAllMovies() /home/ubuntu/workspace/cst336/finalProject/admin.php:50
[11-Dec-2018 19:56:59 UTC] PHP Warning:  Illegal string offset 'title' in /home/ubuntu/workspace/cst336/finalProject/inc/functions.php on line 31
[11-Dec-2018 19:56:59 UTC] PHP Stack trace:
[11-Dec-2018 19:56:59 UTC] PHP   1. {main}() /home/ubuntu/workspace/cst336/finalProject/admin.php:0
[11-Dec-2018 19:56:59 UTC] PHP   2. displayAllMovies() /home/ubuntu/workspace/cst336/finalProject/admin.php:50
[11-Dec-2018 19:56:59 UTC] PHP Warning:  Illegal string offset 'title' in /home/ubuntu/workspace/cst336/finalProject/inc/functions.php on line 31
[11-Dec-2018 19:56:59 UTC] PHP Stack trace:
[11-Dec-2018 19:56:59 UTC] PHP   1. {main}() /home/ubuntu/workspace/cst336/finalProject/admin.php:0
[11-Dec-2018 19:56:59 UTC] PHP   2. displayAllMovies() /home/ubuntu/workspace/cst336/finalProject/admin.php:50
[11-Dec-2018 19:56:59 UTC] PHP Warning:  Illegal string offset 'title' in /home/ubuntu/workspace/cst336/finalProject/inc/functions.php on line 31
[11-Dec-2018 19:56:59 UTC] PHP Stack trace:
[11-Dec-2018 19:56:59 UTC] PHP   1. {main}() /home/ubuntu/workspace/cst336/finalProject/admin.php:0
[11-Dec-2018 19:56:59 UTC] PHP   2. displayAllMovies() /home/ubuntu/workspace/cst336/finalProject/admin.php:50
[11-Dec-2018 19:56:59 UTC] PHP Warning:  Illegal string offset 'title' in /home/ubuntu/workspace/cst336/finalProject/inc/functions.php on line 31
[11-Dec-2018 19:56:59 UTC] PHP Stack trace:
[11-Dec-2018 19:56:59 UTC] PHP   1. {main}() /home/ubuntu/workspace/cst336/finalProject/admin.php:0
[11-Dec-2018 19:56:59 UTC] PHP   2. displayAllMovies() /home/ubuntu/workspace/cst336/finalProject/admin.php:50
[11-Dec-2018 19:56:59 UTC] PHP Warning:  Illegal string offset 'title' in /home/ubuntu/workspace/cst336/finalProject/inc/functions.php on line 31
[11-Dec-2018 19:56:59 UTC] PHP Stack trace:
[11-Dec-2018 19:56:59 UTC] PHP   1. {main}() /home/ubuntu/workspace/cst336/finalProject/admin.php:0
[11-Dec-2018 19:56:59 UTC] PHP   2. displayAllMovies() /home/ubuntu/workspace/cst336/finalProject/admin.php:50
[11-Dec-2018 19:56:59 UTC] PHP Warning:  Illegal string offset 'title' in /home/ubuntu/workspace/cst336/finalProject/inc/functions.php on line 31
[11-Dec-2018 19:56:59 UTC] PHP Stack trace:
[11-Dec-2018 19:56:59 UTC] PHP   1. {main}() /home/ubuntu/workspace/cst336/finalProject/admin.php:0
[11-Dec-2018 19:56:59 UTC] PHP   2. displayAllMovies() /home/ubuntu/workspace/cst336/finalProject/admin.php:50
[11-Dec-2018 19:56:59 UTC] PHP Warning:  Illegal string offset 'title' in /home/ubuntu/workspace/cst336/finalProject/inc/functions.php on line 31
[11-Dec-2018 19:56:59 UTC] PHP Stack trace:
[11-Dec-2018 19:56:59 UTC] PHP   1. {main}() /home/ubuntu/workspace/cst336/finalProject/admin.php:0
[11-Dec-2018 19:56:59 UTC] PHP   2. displayAllMovies() /home/ubuntu/workspace/cst336/finalProject/admin.php:50
[11-Dec-2018 19:56:59 UTC] PHP Warning:  Illegal string offset 'title' in /home/ubuntu/workspace/cst336/finalProject/inc/functions.php on line 31
[11-Dec-2018 19:56:59 UTC] PHP Stack trace:
[11-Dec-2018 19:56:59 UTC] PHP   1. {main}() /home/ubuntu/workspace/cst336/finalProject/admin.php:0
[11-Dec-2018 19:56:59 UTC] PHP   2. displayAllMovies() /home/ubuntu/workspace/cst336/finalProject/admin.php:50
[11-Dec-2018 19:56:59 UTC] PHP Warning:  Illegal string offset 'title' in /home/ubuntu/workspace/cst336/finalProject/inc/functions.php on line 31
[11-Dec-2018 19:56:59 UTC] PHP Stack trace:
[11-Dec-2018 19:56:59 UTC] PHP   1. {main}() /home/ubuntu/workspace/cst336/finalProject/admin.php:0
[11-Dec-2018 19:56:59 UTC] PHP   2. displayAllMovies() /home/ubuntu/workspace/cst336/finalProject/admin.php:50
[11-Dec-2018 19:56:59 UTC] PHP Warning:  Illegal string offset 'title' in /home/ubuntu/workspace/cst336/finalProject/inc/functions.php on line 31
[11-Dec-2018 19:56:59 UTC] PHP Stack trace:
[11-Dec-2018 19:56:59 UTC] PHP   1. {main}() /home/ubuntu/workspace/cst336/finalProject/admin.php:0
[11-Dec-2018 19:56:59 UTC] PHP   2. displayAllMovies() /home/ubuntu/workspace/cst336/finalProject/admin.php:50
[11-Dec-2018 19:56:59 UTC] PHP Warning:  Illegal string offset 'title' in /home/ubuntu/workspace/cst336/finalProject/inc/functions.php on line 31
[11-Dec-2018 19:56:59 UTC] PHP Stack trace:
[11-Dec-2018 19:56:59 UTC] PHP   1. {main}() /home/ubuntu/workspace/cst336/finalProject/admin.php:0
[11-Dec-2018 19:56:59 UTC] PHP   2. displayAllMovies() /home/ubuntu/workspace/cst336/finalProject/admin.php:50
[11-Dec-2018 20:06:37 UTC] PHP Fatal error:  Uncaught exception 'PDOException' with message 'SQLSTATE[23000]: Integrity constraint violation: 1062 Duplicate entry '0' for key 'PRIMARY'' in /home/ubuntu/workspace/cst336/finalProject/updateMovie.php:34
Stack trace:
#0 /home/ubuntu/workspace/cst336/finalProject/updateMovie.php(34): PDOStatement->execute(Array)
#1 {main}
  thrown in /home/ubuntu/workspace/cst336/finalProject/updateMovie.php on line 34
[11-Dec-2018 20:07:25 UTC] PHP Fatal error:  Uncaught exception 'PDOException' with message 'SQLSTATE[42000]: Syntax error or access violation: 1064 You have an error in your SQL syntax; check the manual that corresponds to your MySQL server version for the right syntax to use near 'WHERE title = 300000' at line 6' in /home/ubuntu/workspace/cst336/finalProject/updateMovie.php:32
Stack trace:
#0 /home/ubuntu/workspace/cst336/finalProject/updateMovie.php(32): PDOStatement->execute(Array)
#1 {main}
  thrown in /home/ubuntu/workspace/cst336/finalProject/updateMovie.php on line 32
[11-Dec-2018 20:09:16 UTC] PHP Fatal error:  Uncaught exception 'PDOException' with message 'SQLSTATE[42000]: Syntax error or access violation: 1064 You have an error in your SQL syntax; check the manual that corresponds to your MySQL server version for the right syntax to use near 'WHERE title = 300000' at line 6' in /home/ubuntu/workspace/cst336/finalProject/updateMovie.php:32
Stack trace:
#0 /home/ubuntu/workspace/cst336/finalProject/updateMovie.php(32): PDOStatement->execute(Array)
#1 {main}
  thrown in /home/ubuntu/workspace/cst336/finalProject/updateMovie.php on line 32
[11-Dec-2018 20:10:28 UTC] PHP Fatal error:  Uncaught exception 'PDOException' with message 'SQLSTATE[42000]: Syntax error or access violation: 1064 You have an error in your SQL syntax; check the manual that corresponds to your MySQL server version for the right syntax to use near 'WHERE title = 300000' at line 6' in /home/ubuntu/workspace/cst336/finalProject/updateMovie.php:32
Stack trace:
#0 /home/ubuntu/workspace/cst336/finalProject/updateMovie.php(32): PDOStatement->execute(Array)
#1 {main}
  thrown in /home/ubuntu/workspace/cst336/finalProject/updateMovie.php on line 32
[11-Dec-2018 20:12:23 UTC] PHP Fatal error:  Uncaught exception 'PDOException' with message 'SQLSTATE[42000]: Syntax error or access violation: 1064 You have an error in your SQL syntax; check the manual that corresponds to your MySQL server version for the right syntax to use near 'WHERE title = 300000' at line 6' in /home/ubuntu/workspace/cst336/finalProject/updateMovie.php:32
Stack trace:
#0 /home/ubuntu/workspace/cst336/finalProject/updateMovie.php(32): PDOStatement->execute(Array)
#1 {main}
  thrown in /home/ubuntu/workspace/cst336/finalProject/updateMovie.php on line 32
[11-Dec-2018 20:12:24 UTC] PHP Fatal error:  Uncaught exception 'PDOException' with message 'SQLSTATE[42000]: Syntax error or access violation: 1064 You have an error in your SQL syntax; check the manual that corresponds to your MySQL server version for the right syntax to use near 'WHERE title = 300000' at line 6' in /home/ubuntu/workspace/cst336/finalProject/updateMovie.php:32
Stack trace:
#0 /home/ubuntu/workspace/cst336/finalProject/updateMovie.php(32): PDOStatement->execute(Array)
#1 {main}
  thrown in /home/ubuntu/workspace/cst336/finalProject/updateMovie.php on line 32
[11-Dec-2018 20:15:52 UTC] PHP Fatal error:  Uncaught exception 'PDOException' with message 'SQLSTATE[42000]: Syntax error or access violation: 1064 You have an error in your SQL syntax; check the manual that corresponds to your MySQL server version for the right syntax to use near 'WHERE id =' at line 6' in /home/ubuntu/workspace/cst336/finalProject/updateMovie.php:33
Stack trace:
#0 /home/ubuntu/workspace/cst336/finalProject/updateMovie.php(33): PDOStatement->execute(Array)
#1 {main}
  thrown in /home/ubuntu/workspace/cst336/finalProject/updateMovie.php on line 33
[11-Dec-2018 20:17:35 UTC] PHP Fatal error:  Uncaught exception 'PDOException' with message 'SQLSTATE[42000]: Syntax error or access violation: 1064 You have an error in your SQL syntax; check the manual that corresponds to your MySQL server version for the right syntax to use near 'WHERE id =' at line 6' in /home/ubuntu/workspace/cst336/finalProject/updateMovie.php:33
Stack trace:
#0 /home/ubuntu/workspace/cst336/finalProject/updateMovie.php(33): PDOStatement->execute(Array)
#1 {main}
  thrown in /home/ubuntu/workspace/cst336/finalProject/updateMovie.php on line 33
[11-Dec-2018 20:17:46 UTC] PHP Fatal error:  Uncaught exception 'PDOException' with message 'SQLSTATE[42000]: Syntax error or access violation: 1064 You have an error in your SQL syntax; check the manual that corresponds to your MySQL server version for the right syntax to use near 'WHERE title =' at line 6' in /home/ubuntu/workspace/cst336/finalProject/updateMovie.php:33
Stack trace:
#0 /home/ubuntu/workspace/cst336/finalProject/updateMovie.php(33): PDOStatement->execute(Array)
#1 {main}
  thrown in /home/ubuntu/workspace/cst336/finalProject/updateMovie.php on line 33
[11-Dec-2018 20:18:23 UTC] PHP Fatal error:  Uncaught exception 'PDOException' with message 'SQLSTATE[42000]: Syntax error or access violation: 1064 You have an error in your SQL syntax; check the manual that corresponds to your MySQL server version for the right syntax to use near 'WHERE title =' at line 6' in /home/ubuntu/workspace/cst336/finalProject/updateMovie.php:33
Stack trace:
#0 /home/ubuntu/workspace/cst336/finalProject/updateMovie.php(33): PDOStatement->execute(Array)
#1 {main}
  thrown in /home/ubuntu/workspace/cst336/finalProject/updateMovie.php on line 33
[11-Dec-2018 20:19:41 UTC] PHP Fatal error:  Uncaught exception 'PDOException' with message 'SQLSTATE[42000]: Syntax error or access violation: 1064 You have an error in your SQL syntax; check the manual that corresponds to your MySQL server version for the right syntax to use near 'WHERE title =' at line 6' in /home/ubuntu/workspace/cst336/finalProject/updateMovie.php:34
Stack trace:
#0 /home/ubuntu/workspace/cst336/finalProject/updateMovie.php(34): PDOStatement->execute(Array)
#1 {main}
  thrown in /home/ubuntu/workspace/cst336/finalProject/updateMovie.php on line 34
[11-Dec-2018 20:19:43 UTC] PHP Fatal error:  Uncaught exception 'PDOException' with message 'SQLSTATE[42000]: Syntax error or access violation: 1064 You have an error in your SQL syntax; check the manual that corresponds to your MySQL server version for the right syntax to use near 'WHERE title =' at line 6' in /home/ubuntu/workspace/cst336/finalProject/updateMovie.php:34
Stack trace:
#0 /home/ubuntu/workspace/cst336/finalProject/updateMovie.php(34): PDOStatement->execute(Array)
#1 {main}
  thrown in /home/ubuntu/workspace/cst336/finalProject/updateMovie.php on line 34
[11-Dec-2018 20:20:59 UTC] PHP Fatal error:  Uncaught exception 'PDOException' with message 'SQLSTATE[42000]: Syntax error or access violation: 1064 You have an error in your SQL syntax; check the manual that corresponds to your MySQL server version for the right syntax to use near 'WHERE title =' at line 6' in /home/ubuntu/workspace/cst336/finalProject/updateMovie.php:35
Stack trace:
#0 /home/ubuntu/workspace/cst336/finalProject/updateMovie.php(35): PDOStatement->execute(Array)
#1 {main}
  thrown in /home/ubuntu/workspace/cst336/finalProject/updateMovie.php on line 35
[11-Dec-2018 20:21:03 UTC] PHP Fatal error:  Uncaught exception 'PDOException' with message 'SQLSTATE[42000]: Syntax error or access violation: 1064 You have an error in your SQL syntax; check the manual that corresponds to your MySQL server version for the right syntax to use near 'WHERE title =' at line 6' in /home/ubuntu/workspace/cst336/finalProject/updateMovie.php:35
Stack trace:
#0 /home/ubuntu/workspace/cst336/finalProject/updateMovie.php(35): PDOStatement->execute(Array)
#1 {main}
  thrown in /home/ubuntu/workspace/cst336/finalProject/updateMovie.php on line 35
[11-Dec-2018 20:21:27 UTC] PHP Fatal error:  Uncaught exception 'PDOException' with message 'SQLSTATE[42000]: Syntax error or access violation: 1064 You have an error in your SQL syntax; check the manual that corresponds to your MySQL server version for the right syntax to use near 'WHERE title =' at line 6' in /home/ubuntu/workspace/cst336/finalProject/updateMovie.php:35
Stack trace:
#0 /home/ubuntu/workspace/cst336/finalProject/updateMovie.php(35): PDOStatement->execute(Array)
#1 {main}
  thrown in /home/ubuntu/workspace/cst336/finalProject/updateMovie.php on line 35
[11-Dec-2018 20:22:33 UTC] PHP Fatal error:  Uncaught exception 'PDOException' with message 'SQLSTATE[42000]: Syntax error or access violation: 1064 You have an error in your SQL syntax; check the manual that corresponds to your MySQL server version for the right syntax to use near 'WHERE title =' at line 6' in /home/ubuntu/workspace/cst336/finalProject/updateMovie.php:35
Stack trace:
#0 /home/ubuntu/workspace/cst336/finalProject/updateMovie.php(35): PDOStatement->execute(Array)
#1 {main}
  thrown in /home/ubuntu/workspace/cst336/finalProject/updateMovie.php on line 35
[11-Dec-2018 20:24:59 UTC] PHP Fatal error:  Uncaught exception 'PDOException' with message 'SQLSTATE[42000]: Syntax error or access violation: 1064 You have an error in your SQL syntax; check the manual that corresponds to your MySQL server version for the right syntax to use near 'WHERE id =' at line 6' in /home/ubuntu/workspace/cst336/finalProject/updateMovie.php:35
Stack trace:
#0 /home/ubuntu/workspace/cst336/finalProject/updateMovie.php(35): PDOStatement->execute(Array)
#1 {main}
  thrown in /home/ubuntu/workspace/cst336/finalProject/updateMovie.php on line 35
[11-Dec-2018 20:25:04 UTC] PHP Fatal error:  Uncaught exception 'PDOException' with message 'SQLSTATE[42000]: Syntax error or access violation: 1064 You have an error in your SQL syntax; check the manual that corresponds to your MySQL server version for the right syntax to use near 'WHERE id =' at line 6' in /home/ubuntu/workspace/cst336/finalProject/updateMovie.php:35
Stack trace:
#0 /home/ubuntu/workspace/cst336/finalProject/updateMovie.php(35): PDOStatement->execute(Array)
#1 {main}
  thrown in /home/ubuntu/workspace/cst336/finalProject/updateMovie.php on line 35
[11-Dec-2018 20:26:53 UTC] PHP Fatal error:  Uncaught exception 'PDOException' with message 'SQLSTATE[42000]: Syntax error or access violation: 1064 You have an error in your SQL syntax; check the manual that corresponds to your MySQL server version for the right syntax to use near 'WHERE id =' at line 6' in /home/ubuntu/workspace/cst336/finalProject/updateMovie.php:32
Stack trace:
#0 /home/ubuntu/workspace/cst336/finalProject/updateMovie.php(32): PDOStatement->execute(Array)
#1 {main}
  thrown in /home/ubuntu/workspace/cst336/finalProject/updateMovie.php on line 32
[11-Dec-2018 20:26:54 UTC] PHP Fatal error:  Uncaught exception 'PDOException' with message 'SQLSTATE[42000]: Syntax error or access violation: 1064 You have an error in your SQL syntax; check the manual that corresponds to your MySQL server version for the right syntax to use near 'WHERE id =' at line 6' in /home/ubuntu/workspace/cst336/finalProject/updateMovie.php:32
Stack trace:
#0 /home/ubuntu/workspace/cst336/finalProject/updateMovie.php(32): PDOStatement->execute(Array)
#1 {main}
  thrown in /home/ubuntu/workspace/cst336/finalProject/updateMovie.php on line 32
[11-Dec-2018 20:26:55 UTC] PHP Fatal error:  Uncaught exception 'PDOException' with message 'SQLSTATE[42000]: Syntax error or access violation: 1064 You have an error in your SQL syntax; check the manual that corresponds to your MySQL server version for the right syntax to use near 'WHERE id =' at line 6' in /home/ubuntu/workspace/cst336/finalProject/updateMovie.php:32
Stack trace:
#0 /home/ubuntu/workspace/cst336/finalProject/updateMovie.php(32): PDOStatement->execute(Array)
#1 {main}
  thrown in /home/ubuntu/workspace/cst336/finalProject/updateMovie.php on line 32
[11-Dec-2018 20:26:57 UTC] PHP Fatal error:  Uncaught exception 'PDOException' with message 'SQLSTATE[42000]: Syntax error or access violation: 1064 You have an error in your SQL syntax; check the manual that corresponds to your MySQL server version for the right syntax to use near 'WHERE id =' at line 6' in /home/ubuntu/workspace/cst336/finalProject/updateMovie.php:32
Stack trace:
#0 /home/ubuntu/workspace/cst336/finalProject/updateMovie.php(32): PDOStatement->execute(Array)
#1 {main}
  thrown in /home/ubuntu/workspace/cst336/finalProject/updateMovie.php on line 32
[11-Dec-2018 20:27:41 UTC] PHP Fatal error:  Uncaught exception 'PDOException' with message 'SQLSTATE[42000]: Syntax error or access violation: 1064 You have an error in your SQL syntax; check the manual that corresponds to your MySQL server version for the right syntax to use near 'WHERE id =' at line 6' in /home/ubuntu/workspace/cst336/finalProject/updateMovie.php:32
Stack trace:
#0 /home/ubuntu/workspace/cst336/finalProject/updateMovie.php(32): PDOStatement->execute(Array)
#1 {main}
  thrown in /home/ubuntu/workspace/cst336/finalProject/updateMovie.php on line 32
[11-Dec-2018 20:28:24 UTC] PHP Fatal error:  Uncaught exception 'PDOException' with message 'SQLSTATE[42000]: Syntax error or access violation: 1064 You have an error in your SQL syntax; check the manual that corresponds to your MySQL server version for the right syntax to use near 'WHERE id =' at line 6' in /home/ubuntu/workspace/cst336/finalProject/updateMovie.php:32
Stack trace:
#0 /home/ubuntu/workspace/cst336/finalProject/updateMovie.php(32): PDOStatement->execute(Array)
#1 {main}
  thrown in /home/ubuntu/workspace/cst336/finalProject/updateMovie.php on line 32
[11-Dec-2018 20:29:13 UTC] PHP Fatal error:  Uncaught exception 'PDOException' with message 'SQLSTATE[42000]: Syntax error or access violation: 1064 You have an error in your SQL syntax; check the manual that corresponds to your MySQL server version for the right syntax to use near 'WHERE id =' at line 6' in /home/ubuntu/workspace/cst336/finalProject/updateMovie.php:32
Stack trace:
#0 /home/ubuntu/workspace/cst336/finalProject/updateMovie.php(32): PDOStatement->execute(Array)
#1 {main}
  thrown in /home/ubuntu/workspace/cst336/finalProject/updateMovie.php on line 32
[11-Dec-2018 20:29:16 UTC] PHP Fatal error:  Uncaught exception 'PDOException' with message 'SQLSTATE[42000]: Syntax error or access violation: 1064 You have an error in your SQL syntax; check the manual that corresponds to your MySQL server version for the right syntax to use near 'WHERE id = 13' at line 6' in /home/ubuntu/workspace/cst336/finalProject/updateMovie.php:32
Stack trace:
#0 /home/ubuntu/workspace/cst336/finalProject/updateMovie.php(32): PDOStatement->execute(Array)
#1 {main}
  thrown in /home/ubuntu/workspace/cst336/finalProject/updateMovie.php on line 32
[11-Dec-2018 20:30:26 UTC] PHP Fatal error:  Uncaught exception 'PDOException' with message 'SQLSTATE[42000]: Syntax error or access violation: 1064 You have an error in your SQL syntax; check the manual that corresponds to your MySQL server version for the right syntax to use near 'WHERE id = 13' at line 6' in /home/ubuntu/workspace/cst336/finalProject/updateMovie.php:32
Stack trace:
#0 /home/ubuntu/workspace/cst336/finalProject/updateMovie.php(32): PDOStatement->execute(Array)
#1 {main}
  thrown in /home/ubuntu/workspace/cst336/finalProject/updateMovie.php on line 32
[11-Dec-2018 20:30:27 UTC] PHP Fatal error:  Uncaught exception 'PDOException' with message 'SQLSTATE[42000]: Syntax error or access violation: 1064 You have an error in your SQL syntax; check the manual that corresponds to your MySQL server version for the right syntax to use near 'WHERE id = 13' at line 6' in /home/ubuntu/workspace/cst336/finalProject/updateMovie.php:32
Stack trace:
#0 /home/ubuntu/workspace/cst336/finalProject/updateMovie.php(32): PDOStatement->execute(Array)
#1 {main}
  thrown in /home/ubuntu/workspace/cst336/finalProject/updateMovie.php on line 32
[11-Dec-2018 21:02:03 UTC] PHP Fatal error:  Cannot redeclare startConnection() (previously declared in /home/ubuntu/workspace/cst336/inc/dbConnection.php:4) in /home/ubuntu/workspace/cst336/inc/dbConnection.php on line 4
[11-Dec-2018 21:02:03 UTC] PHP Stack trace:
[11-Dec-2018 21:02:03 UTC] PHP   1. {main}() /home/ubuntu/workspace/cst336/finalProject/deleteMovie.php:0
[11-Dec-2018 21:02:03 UTC] PHP   2. include() /home/ubuntu/workspace/cst336/finalProject/deleteMovie.php:6
[11-Dec-2018 21:24:02 UTC] PHP Fatal error:  Uncaught exception 'PDOException' with message 'SQLSTATE[42000]: Syntax error or access violation: 1064 You have an error in your SQL syntax; check the manual that corresponds to your MySQL server version for the right syntax to use near 'Strong' at line 1' in /home/ubuntu/workspace/cst336/finalProject/deleteMovie.php:11
Stack trace:
#0 /home/ubuntu/workspace/cst336/finalProject/deleteMovie.php(11): PDOStatement->execute()
#1 {main}
  thrown in /home/ubuntu/workspace/cst336/finalProject/deleteMovie.php on line 11
[11-Dec-2018 21:25:32 UTC] PHP Fatal error:  Uncaught exception 'PDOException' with message 'SQLSTATE[42000]: Syntax error or access violation: 1064 You have an error in your SQL syntax; check the manual that corresponds to your MySQL server version for the right syntax to use near 'Strong' at line 1' in /home/ubuntu/workspace/cst336/finalProject/deleteMovie.php:12
Stack trace:
#0 /home/ubuntu/workspace/cst336/finalProject/deleteMovie.php(12): PDOStatement->execute()
#1 {main}
  thrown in /home/ubuntu/workspace/cst336/finalProject/deleteMovie.php on line 12
[11-Dec-2018 21:25:50 UTC] PHP Fatal error:  Uncaught exception 'PDOException' with message 'SQLSTATE[42000]: Syntax error or access violation: 1064 You have an error in your SQL syntax; check the manual that corresponds to your MySQL server version for the right syntax to use near 'Strong' at line 1' in /home/ubuntu/workspace/cst336/finalProject/deleteMovie.php:12
Stack trace:
#0 /home/ubuntu/workspace/cst336/finalProject/deleteMovie.php(12): PDOStatement->execute()
#1 {main}
  thrown in /home/ubuntu/workspace/cst336/finalProject/deleteMovie.php on line 12
[11-Dec-2018 23:59:32 UTC] PHP Fatal error:  Cannot redeclare startConnection() (previously declared in /home/ubuntu/workspace/cst336/inc/dbConnection.php:4) in /home/ubuntu/workspace/cst336/inc/dbConnection.php on line 4
[11-Dec-2018 23:59:32 UTC] PHP Stack trace:
[11-Dec-2018 23:59:32 UTC] PHP   1. {main}() /home/ubuntu/workspace/cst336/finalProject/addMovie.php:0
[11-Dec-2018 23:59:32 UTC] PHP   2. include() /home/ubuntu/workspace/cst336/finalProject/addMovie.php:6
[12-Dec-2018 00:23:28 UTC] PHP Warning:  include(inc/header): failed to open stream: No such file or directory in /home/ubuntu/workspace/cst336/finalProject/admin.php on line 8
[12-Dec-2018 00:23:28 UTC] PHP Stack trace:
[12-Dec-2018 00:23:28 UTC] PHP   1. {main}() /home/ubuntu/workspace/cst336/finalProject/admin.php:0
[12-Dec-2018 00:23:28 UTC] PHP Warning:  include(): Failed opening 'inc/header' for inclusion (include_path='.:/usr/share/php:/usr/share/pear') in /home/ubuntu/workspace/cst336/finalProject/admin.php on line 8
[12-Dec-2018 00:23:28 UTC] PHP Stack trace:
[12-Dec-2018 00:23:28 UTC] PHP   1. {main}() /home/ubuntu/workspace/cst336/finalProject/admin.php:0
[12-Dec-2018 01:31:05 UTC] PHP Warning:  include(functions.php): failed to open stream: No such file or directory in /home/ubuntu/workspace/cst336/finalProject/avgTime.php on line 2
[12-Dec-2018 01:31:05 UTC] PHP Stack trace:
[12-Dec-2018 01:31:05 UTC] PHP   1. {main}() /home/ubuntu/workspace/cst336/finalProject/avgTime.php:0
[12-Dec-2018 01:31:05 UTC] PHP Warning:  include(): Failed opening 'functions.php' for inclusion (include_path='.:/usr/share/php:/usr/share/pear') in /home/ubuntu/workspace/cst336/finalProject/avgTime.php on line 2
[12-Dec-2018 01:31:05 UTC] PHP Stack trace:
[12-Dec-2018 01:31:05 UTC] PHP   1. {main}() /home/ubuntu/workspace/cst336/finalProject/avgTime.php:0
[12-Dec-2018 01:31:05 UTC] PHP Fatal error:  Call to a member function prepare() on a non-object in /home/ubuntu/workspace/cst336/finalProject/avgTime.php on line 6
[12-Dec-2018 01:31:05 UTC] PHP Stack trace:
[12-Dec-2018 01:31:05 UTC] PHP   1. {main}() /home/ubuntu/workspace/cst336/finalProject/avgTime.php:0
[12-Dec-2018 01:31:16 UTC] PHP Fatal error:  Uncaught exception 'PDOException' with message 'SQLSTATE[42S22]: Column not found: 1054 Unknown column 'time' in 'field list'' in /home/ubuntu/workspace/cst336/finalProject/avgTime.php:7
Stack trace:
#0 /home/ubuntu/workspace/cst336/finalProject/avgTime.php(7): PDOStatement->execute()
#1 {main}
  thrown in /home/ubuntu/workspace/cst336/finalProject/avgTime.php on line 7
[12-Dec-2018 19:13:25 UTC] PHP Fatal error:  Uncaught exception 'PDOException' with message 'SQLSTATE[42000]: Syntax error or access violation: 1064 You have an error in your SQL syntax; check the manual that corresponds to your MySQL server version for the right syntax to use near 'WHERE title =' at line 3' in /home/ubuntu/workspace/cst336/finalProject/updateMovie.php:43
Stack trace:
#0 /home/ubuntu/workspace/cst336/finalProject/updateMovie.php(43): PDOStatement->execute(Array)
#1 {main}
  thrown in /home/ubuntu/workspace/cst336/finalProject/updateMovie.php on line 43
[12-Dec-2018 19:13:51 UTC] PHP Fatal error:  Uncaught exception 'PDOException' with message 'SQLSTATE[42000]: Syntax error or access violation: 1064 You have an error in your SQL syntax; check the manual that corresponds to your MySQL server version for the right syntax to use near '' at line 3' in /home/ubuntu/workspace/cst336/finalProject/updateMovie.php:43
Stack trace:
#0 /home/ubuntu/workspace/cst336/finalProject/updateMovie.php(43): PDOStatement->execute(Array)
#1 {main}
  thrown in /home/ubuntu/workspace/cst336/finalProject/updateMovie.php on line 43
[12-Dec-2018 19:13:58 UTC] PHP Fatal error:  Uncaught exception 'PDOException' with message 'SQLSTATE[42000]: Syntax error or access violation: 1064 You have an error in your SQL syntax; check the manual that corresponds to your MySQL server version for the right syntax to use near '' at line 3' in /home/ubuntu/workspace/cst336/finalProject/updateMovie.php:43
Stack trace:
#0 /home/ubuntu/workspace/cst336/finalProject/updateMovie.php(43): PDOStatement->execute(Array)
#1 {main}
  thrown in /home/ubuntu/workspace/cst336/finalProject/updateMovie.php on line 43
[12-Dec-2018 19:14:38 UTC] PHP Fatal error:  Uncaught exception 'PDOException' with message 'SQLSTATE[42000]: Syntax error or access violation: 1064 You have an error in your SQL syntax; check the manual that corresponds to your MySQL server version for the right syntax to use near '' at line 3' in /home/ubuntu/workspace/cst336/finalProject/updateMovie.php:43
Stack trace:
#0 /home/ubuntu/workspace/cst336/finalProject/updateMovie.php(43): PDOStatement->execute(Array)
#1 {main}
  thrown in /home/ubuntu/workspace/cst336/finalProject/updateMovie.php on line 43
[12-Dec-2018 19:15:23 UTC] PHP Fatal error:  Uncaught exception 'PDOException' with message 'SQLSTATE[42000]: Syntax error or access violation: 1064 You have an error in your SQL syntax; check the manual that corresponds to your MySQL server version for the right syntax to use near '' at line 3' in /home/ubuntu/workspace/cst336/finalProject/updateMovie.php:43
Stack trace:
#0 /home/ubuntu/workspace/cst336/finalProject/updateMovie.php(43): PDOStatement->execute(Array)
#1 {main}
  thrown in /home/ubuntu/workspace/cst336/finalProject/updateMovie.php on line 43
[12-Dec-2018 19:15:24 UTC] PHP Fatal error:  Uncaught exception 'PDOException' with message 'SQLSTATE[42000]: Syntax error or access violation: 1064 You have an error in your SQL syntax; check the manual that corresponds to your MySQL server version for the right syntax to use near '' at line 3' in /home/ubuntu/workspace/cst336/finalProject/updateMovie.php:43
Stack trace:
#0 /home/ubuntu/workspace/cst336/finalProject/updateMovie.php(43): PDOStatement->execute(Array)
#1 {main}
  thrown in /home/ubuntu/workspace/cst336/finalProject/updateMovie.php on line 43
[12-Dec-2018 19:15:25 UTC] PHP Fatal error:  Uncaught exception 'PDOException' with message 'SQLSTATE[42000]: Syntax error or access violation: 1064 You have an error in your SQL syntax; check the manual that corresponds to your MySQL server version for the right syntax to use near '' at line 3' in /home/ubuntu/workspace/cst336/finalProject/updateMovie.php:43
Stack trace:
#0 /home/ubuntu/workspace/cst336/finalProject/updateMovie.php(43): PDOStatement->execute(Array)
#1 {main}
  thrown in /home/ubuntu/workspace/cst336/finalProject/updateMovie.php on line 43
[12-Dec-2018 19:16:36 UTC] PHP Fatal error:  Call to undefined function updatePhoto() in /home/ubuntu/workspace/cst336/finalProject/updateMovie.php on line 33
[12-Dec-2018 19:16:36 UTC] PHP Stack trace:
[12-Dec-2018 19:16:36 UTC] PHP   1. {main}() /home/ubuntu/workspace/cst336/finalProject/updateMovie.php:0
[12-Dec-2018 19:17:02 UTC] PHP Fatal error:  Call to a member function prepare() on a non-object in /home/ubuntu/workspace/cst336/finalProject/updateMovie.php on line 17
[12-Dec-2018 19:17:02 UTC] PHP Stack trace:
[12-Dec-2018 19:17:02 UTC] PHP   1. {main}() /home/ubuntu/workspace/cst336/finalProject/updateMovie.php:0
[12-Dec-2018 19:17:02 UTC] PHP   2. updatePhoto() /home/ubuntu/workspace/cst336/finalProject/updateMovie.php:45
[12-Dec-2018 19:18:10 UTC] PHP Fatal error:  Call to a member function prepare() on a non-object in /home/ubuntu/workspace/cst336/finalProject/updateMovie.php on line 17
[12-Dec-2018 19:18:10 UTC] PHP Stack trace:
[12-Dec-2018 19:18:10 UTC] PHP   1. {main}() /home/ubuntu/workspace/cst336/finalProject/updateMovie.php:0
[12-Dec-2018 19:18:10 UTC] PHP   2. updatePhoto() /home/ubuntu/workspace/cst336/finalProject/updateMovie.php:45
[12-Dec-2018 19:18:11 UTC] PHP Fatal error:  Call to a member function prepare() on a non-object in /home/ubuntu/workspace/cst336/finalProject/updateMovie.php on line 17
[12-Dec-2018 19:18:11 UTC] PHP Stack trace:
[12-Dec-2018 19:18:11 UTC] PHP   1. {main}() /home/ubuntu/workspace/cst336/finalProject/updateMovie.php:0
[12-Dec-2018 19:18:11 UTC] PHP   2. updatePhoto() /home/ubuntu/workspace/cst336/finalProject/updateMovie.php:45
[12-Dec-2018 19:18:14 UTC] PHP Fatal error:  Call to a member function prepare() on a non-object in /home/ubuntu/workspace/cst336/finalProject/updateMovie.php on line 17
[12-Dec-2018 19:18:14 UTC] PHP Stack trace:
[12-Dec-2018 19:18:14 UTC] PHP   1. {main}() /home/ubuntu/workspace/cst336/finalProject/updateMovie.php:0
[12-Dec-2018 19:18:14 UTC] PHP   2. updatePhoto() /home/ubuntu/workspace/cst336/finalProject/updateMovie.php:45
[12-Dec-2018 19:18:45 UTC] PHP Fatal error:  Call to a member function prepare() on a non-object in /home/ubuntu/workspace/cst336/finalProject/updateMovie.php on line 17
[12-Dec-2018 19:18:45 UTC] PHP Stack trace:
[12-Dec-2018 19:18:45 UTC] PHP   1. {main}() /home/ubuntu/workspace/cst336/finalProject/updateMovie.php:0
[12-Dec-2018 19:18:45 UTC] PHP   2. updatePhoto() /home/ubuntu/workspace/cst336/finalProject/updateMovie.php:45
[12-Dec-2018 19:18:46 UTC] PHP Fatal error:  Call to a member function prepare() on a non-object in /home/ubuntu/workspace/cst336/finalProject/updateMovie.php on line 17
[12-Dec-2018 19:18:46 UTC] PHP Stack trace:
[12-Dec-2018 19:18:46 UTC] PHP   1. {main}() /home/ubuntu/workspace/cst336/finalProject/updateMovie.php:0
[12-Dec-2018 19:18:46 UTC] PHP   2. updatePhoto() /home/ubuntu/workspace/cst336/finalProject/updateMovie.php:45
[12-Dec-2018 19:18:49 UTC] PHP Fatal error:  Call to a member function prepare() on a non-object in /home/ubuntu/workspace/cst336/finalProject/updateMovie.php on line 17
[12-Dec-2018 19:18:49 UTC] PHP Stack trace:
[12-Dec-2018 19:18:49 UTC] PHP   1. {main}() /home/ubuntu/workspace/cst336/finalProject/updateMovie.php:0
[12-Dec-2018 19:18:49 UTC] PHP   2. updatePhoto() /home/ubuntu/workspace/cst336/finalProject/updateMovie.php:45
[12-Dec-2018 19:21:43 UTC] PHP Fatal error:  Call to a member function prepare() on a non-object in /home/ubuntu/workspace/cst336/finalProject/updateMovie.php on line 17
[12-Dec-2018 19:21:43 UTC] PHP Stack trace:
[12-Dec-2018 19:21:43 UTC] PHP   1. {main}() /home/ubuntu/workspace/cst336/finalProject/updateMovie.php:0
[12-Dec-2018 19:21:43 UTC] PHP   2. updatePhoto() /home/ubuntu/workspace/cst336/finalProject/updateMovie.php:45
[12-Dec-2018 19:22:37 UTC] PHP Fatal error:  Call to a member function prepare() on a non-object in /home/ubuntu/workspace/cst336/finalProject/updateMovie.php on line 18
[12-Dec-2018 19:22:37 UTC] PHP Stack trace:
[12-Dec-2018 19:22:37 UTC] PHP   1. {main}() /home/ubuntu/workspace/cst336/finalProject/updateMovie.php:0
[12-Dec-2018 19:22:37 UTC] PHP   2. updatePhoto() /home/ubuntu/workspace/cst336/finalProject/updateMovie.php:46
[12-Dec-2018 19:22:39 UTC] PHP Fatal error:  Call to a member function prepare() on a non-object in /home/ubuntu/workspace/cst336/finalProject/updateMovie.php on line 18
[12-Dec-2018 19:22:39 UTC] PHP Stack trace:
[12-Dec-2018 19:22:39 UTC] PHP   1. {main}() /home/ubuntu/workspace/cst336/finalProject/updateMovie.php:0
[12-Dec-2018 19:22:39 UTC] PHP   2. updatePhoto() /home/ubuntu/workspace/cst336/finalProject/updateMovie.php:46
[12-Dec-2018 19:22:47 UTC] PHP Fatal error:  Uncaught exception 'PDOException' with message 'SQLSTATE[42000]: Syntax error or access violation: 1064 You have an error in your SQL syntax; check the manual that corresponds to your MySQL server version for the right syntax to use near '' at line 3' in /home/ubuntu/workspace/cst336/finalProject/updateMovie.php:20
Stack trace:
#0 /home/ubuntu/workspace/cst336/finalProject/updateMovie.php(20): PDOStatement->execute(Array)
#1 /home/ubuntu/workspace/cst336/finalProject/updateMovie.php(47): updatePhoto()
#2 {main}
  thrown in /home/ubuntu/workspace/cst336/finalProject/updateMovie.php on line 20
[12-Dec-2018 19:23:23 UTC] PHP Fatal error:  Uncaught exception 'PDOException' with message 'SQLSTATE[42000]: Syntax error or access violation: 1064 You have an error in your SQL syntax; check the manual that corresponds to your MySQL server version for the right syntax to use near '' at line 3' in /home/ubuntu/workspace/cst336/finalProject/updateMovie.php:20
Stack trace:
#0 /home/ubuntu/workspace/cst336/finalProject/updateMovie.php(20): PDOStatement->execute(Array)
#1 /home/ubuntu/workspace/cst336/finalProject/updateMovie.php(47): updatePhoto()
#2 {main}
  thrown in /home/ubuntu/workspace/cst336/finalProject/updateMovie.php on line 20
[12-Dec-2018 19:24:41 UTC] PHP Fatal error:  Uncaught exception 'PDOException' with message 'SQLSTATE[42000]: Syntax error or access violation: 1064 You have an error in your SQL syntax; check the manual that corresponds to your MySQL server version for the right syntax to use near '' at line 3' in /home/ubuntu/workspace/cst336/finalProject/updateMovie.php:21
Stack trace:
#0 /home/ubuntu/workspace/cst336/finalProject/updateMovie.php(21): PDOStatement->execute(Array)
#1 /home/ubuntu/workspace/cst336/finalProject/updateMovie.php(48): updatePhoto()
#2 {main}
  thrown in /home/ubuntu/workspace/cst336/finalProject/updateMovie.php on line 21
[12-Dec-2018 19:24:58 UTC] PHP Fatal error:  Uncaught exception 'PDOException' with message 'SQLSTATE[42000]: Syntax error or access violation: 1064 You have an error in your SQL syntax; check the manual that corresponds to your MySQL server version for the right syntax to use near '' at line 3' in /home/ubuntu/workspace/cst336/finalProject/updateMovie.php:21
Stack trace:
#0 /home/ubuntu/workspace/cst336/finalProject/updateMovie.php(21): PDOStatement->execute(Array)
#1 /home/ubuntu/workspace/cst336/finalProject/updateMovie.php(48): updatePhoto()
#2 {main}
  thrown in /home/ubuntu/workspace/cst336/finalProject/updateMovie.php on line 21
[12-Dec-2018 19:29:34 UTC] PHP Fatal error:  Uncaught exception 'PDOException' with message 'SQLSTATE[42000]: Syntax error or access violation: 1064 You have an error in your SQL syntax; check the manual that corresponds to your MySQL server version for the right syntax to use near '' at line 6' in /home/ubuntu/workspace/cst336/finalProject/updateMovie.php:49
Stack trace:
#0 /home/ubuntu/workspace/cst336/finalProject/updateMovie.php(49): PDOStatement->execute(Array)
#1 {main}
  thrown in /home/ubuntu/workspace/cst336/finalProject/updateMovie.php on line 49
[12-Dec-2018 19:33:16 UTC] PHP Parse error:  syntax error, unexpected 'echo' (T_ECHO) in /home/ubuntu/workspace/cst336/finalProject/updateMovie.php on line 17
[12-Dec-2018 19:34:46 UTC] PHP Parse error:  syntax error, unexpected '=', expecting ',' or ';' in /home/ubuntu/workspace/cst336/finalProject/updateMovie.php on line 8
[12-Dec-2018 19:35:15 UTC] PHP Fatal error:  Uncaught exception 'PDOException' with message 'SQLSTATE[42S22]: Column not found: 1054 Unknown column 'wanted.jpg' in 'where clause'' in /home/ubuntu/workspace/cst336/finalProject/updateMovie.php:27
Stack trace:
#0 /home/ubuntu/workspace/cst336/finalProject/updateMovie.php(27): PDOStatement->execute(Array)
#1 /home/ubuntu/workspace/cst336/finalProject/updateMovie.php(56): updatePhoto()
#2 {main}
  thrown in /home/ubuntu/workspace/cst336/finalProject/updateMovie.php on line 27
[12-Dec-2018 19:41:23 UTC] PHP Fatal error:  Uncaught exception 'PDOException' with message 'SQLSTATE[42S22]: Column not found: 1054 Unknown column 'wanted.jpg' in 'where clause'' in /home/ubuntu/workspace/cst336/finalProject/updateMovie.php:27
Stack trace:
#0 /home/ubuntu/workspace/cst336/finalProject/updateMovie.php(27): PDOStatement->execute(Array)
#1 /home/ubuntu/workspace/cst336/finalProject/updateMovie.php(56): updatePhoto()
#2 {main}
  thrown in /home/ubuntu/workspace/cst336/finalProject/updateMovie.php on line 27
[12-Dec-2018 19:45:01 UTC] PHP Fatal error:  Uncaught exception 'PDOException' with message 'SQLSTATE[42S22]: Column not found: 1054 Unknown column '12strong.jpg' in 'where clause'' in /home/ubuntu/workspace/cst336/finalProject/updateMovie.php:29
Stack trace:
#0 /home/ubuntu/workspace/cst336/finalProject/updateMovie.php(29): PDOStatement->execute(Array)
#1 /home/ubuntu/workspace/cst336/finalProject/updateMovie.php(58): updatePhoto()
#2 {main}
  thrown in /home/ubuntu/workspace/cst336/finalProject/updateMovie.php on line 29
[12-Dec-2018 19:49:50 UTC] PHP Fatal error:  Uncaught exception 'PDOException' with message 'SQLSTATE[42S22]: Column not found: 1054 Unknown column 'wanted.jpg' in 'where clause'' in /home/ubuntu/workspace/cst336/finalProject/updateMovie.php:29
Stack trace:
#0 /home/ubuntu/workspace/cst336/finalProject/updateMovie.php(29): PDOStatement->execute(Array)
#1 /home/ubuntu/workspace/cst336/finalProject/updateMovie.php(65): updatePhoto()
#2 {main}
  thrown in /home/ubuntu/workspace/cst336/finalProject/updateMovie.php on line 29
[12-Dec-2018 19:52:07 UTC] PHP Fatal error:  Uncaught exception 'PDOException' with message 'SQLSTATE[42S22]: Column not found: 1054 Unknown column 'wanted.jpg' in 'where clause'' in /home/ubuntu/workspace/cst336/finalProject/updateMovie.php:37
Stack trace:
#0 /home/ubuntu/workspace/cst336/finalProject/updateMovie.php(37): PDOStatement->execute(Array)
#1 /home/ubuntu/workspace/cst336/finalProject/updateMovie.php(67): updatePhoto()
#2 {main}
  thrown in /home/ubuntu/workspace/cst336/finalProject/updateMovie.php on line 37
[12-Dec-2018 19:52:43 UTC] PHP Fatal error:  Uncaught exception 'PDOException' with message 'SQLSTATE[42S22]: Column not found: 1054 Unknown column '12strong.jpg' in 'where clause'' in /home/ubuntu/workspace/cst336/finalProject/updateMovie.php:37
Stack trace:
#0 /home/ubuntu/workspace/cst336/finalProject/updateMovie.php(37): PDOStatement->execute(Array)
#1 /home/ubuntu/workspace/cst336/finalProject/updateMovie.php(67): updatePhoto()
#2 {main}
  thrown in /home/ubuntu/workspace/cst336/finalProject/updateMovie.php on line 37
[12-Dec-2018 19:53:11 UTC] PHP Fatal error:  Uncaught exception 'PDOException' with message 'SQLSTATE[42S22]: Column not found: 1054 Unknown column '12strong.jpg' in 'where clause'' in /home/ubuntu/workspace/cst336/finalProject/updateMovie.php:34
Stack trace:
#0 /home/ubuntu/workspace/cst336/finalProject/updateMovie.php(34): PDOStatement->execute(Array)
#1 /home/ubuntu/workspace/cst336/finalProject/updateMovie.php(64): updatePhoto()
#2 {main}
  thrown in /home/ubuntu/workspace/cst336/finalProject/updateMovie.php on line 34
[12-Dec-2018 19:55:43 UTC] PHP Fatal error:  Uncaught exception 'PDOException' with message 'SQLSTATE[42S22]: Column not found: 1054 Unknown column '12strong.jpg' in 'where clause'' in /home/ubuntu/workspace/cst336/finalProject/updateMovie.php:35
Stack trace:
#0 /home/ubuntu/workspace/cst336/finalProject/updateMovie.php(35): PDOStatement->execute(Array)
#1 /home/ubuntu/workspace/cst336/finalProject/updateMovie.php(65): updatePhoto()
#2 {main}
  thrown in /home/ubuntu/workspace/cst336/finalProject/updateMovie.php on line 35
[12-Dec-2018 19:55:54 UTC] PHP Fatal error:  Uncaught exception 'PDOException' with message 'SQLSTATE[42S22]: Column not found: 1054 Unknown column 'wanted.jpg' in 'where clause'' in /home/ubuntu/workspace/cst336/finalProject/updateMovie.php:35
Stack trace:
#0 /home/ubuntu/workspace/cst336/finalProject/updateMovie.php(35): PDOStatement->execute(Array)
#1 /home/ubuntu/workspace/cst336/finalProject/updateMovie.php(65): updatePhoto()
#2 {main}
  thrown in /home/ubuntu/workspace/cst336/finalProject/updateMovie.php on line 35
[12-Dec-2018 19:59:28 UTC] PHP Fatal error:  Uncaught exception 'PDOException' with message 'SQLSTATE[42S22]: Column not found: 1054 Unknown column 'wanted.jpg' in 'where clause'' in /home/ubuntu/workspace/cst336/finalProject/updateMovie.php:37
Stack trace:
#0 /home/ubuntu/workspace/cst336/finalProject/updateMovie.php(37): PDOStatement->execute(Array)
#1 /home/ubuntu/workspace/cst336/finalProject/updateMovie.php(67): updatePhoto('22')
#2 {main}
  thrown in /home/ubuntu/workspace/cst336/finalProject/updateMovie.php on line 37
[12-Dec-2018 19:59:40 UTC] PHP Fatal error:  Uncaught exception 'PDOException' with message 'SQLSTATE[42S22]: Column not found: 1054 Unknown column 'wanted.jpg' in 'where clause'' in /home/ubuntu/workspace/cst336/finalProject/updateMovie.php:37
Stack trace:
#0 /home/ubuntu/workspace/cst336/finalProject/updateMovie.php(37): PDOStatement->execute(Array)
#1 /home/ubuntu/workspace/cst336/finalProject/updateMovie.php(67): updatePhoto('22')
#2 {main}
  thrown in /home/ubuntu/workspace/cst336/finalProject/updateMovie.php on line 37
[12-Dec-2018 20:01:32 UTC] PHP Fatal error:  Uncaught exception 'PDOException' with message 'SQLSTATE[42S22]: Column not found: 1054 Unknown column 'wanted.jpg' in 'where clause'' in /home/ubuntu/workspace/cst336/finalProject/updateMovie.php:37
Stack trace:
#0 /home/ubuntu/workspace/cst336/finalProject/updateMovie.php(37): PDOStatement->execute(Array)
#1 /home/ubuntu/workspace/cst336/finalProject/updateMovie.php(67): updatePhoto('22')
#2 {main}
  thrown in /home/ubuntu/workspace/cst336/finalProject/updateMovie.php on line 37
[12-Dec-2018 20:06:15 UTC] PHP Fatal error:  Uncaught exception 'PDOException' with message 'SQLSTATE[42000]: Syntax error or access violation: 1064 You have an error in your SQL syntax; check the manual that corresponds to your MySQL server version for the right syntax to use near '' at line 6' in /home/ubuntu/workspace/cst336/finalProject/updateMovie.php:66
Stack trace:
#0 /home/ubuntu/workspace/cst336/finalProject/updateMovie.php(66): PDOStatement->execute(Array)
#1 {main}
  thrown in /home/ubuntu/workspace/cst336/finalProject/updateMovie.php on line 66
[12-Dec-2018 20:06:45 UTC] PHP Fatal error:  Uncaught exception 'PDOException' with message 'SQLSTATE[42000]: Syntax error or access violation: 1064 You have an error in your SQL syntax; check the manual that corresponds to your MySQL server version for the right syntax to use near '' at line 6' in /home/ubuntu/workspace/cst336/finalProject/updateMovie.php:67
Stack trace:
#0 /home/ubuntu/workspace/cst336/finalProject/updateMovie.php(67): PDOStatement->execute(Array)
#1 {main}
  thrown in /home/ubuntu/workspace/cst336/finalProject/updateMovie.php on line 67
[12-Dec-2018 20:14:11 UTC] PHP Parse error:  syntax error, unexpected ';' in /home/ubuntu/workspace/cst336/finalProject/updateMovie.php on line 22
[12-Dec-2018 20:15:01 UTC] PHP Fatal error:  Uncaught exception 'PDOException' with message 'SQLSTATE[42000]: Syntax error or access violation: 1064 You have an error in your SQL syntax; check the manual that corresponds to your MySQL server version for the right syntax to use near '' at line 3' in /home/ubuntu/workspace/cst336/finalProject/updateMovie.php:39
Stack trace:
#0 /home/ubuntu/workspace/cst336/finalProject/updateMovie.php(39): PDOStatement->execute(Array)
#1 /home/ubuntu/workspace/cst336/finalProject/updateMovie.php(70): updatePhoto(NULL)
#2 {main}
  thrown in /home/ubuntu/workspace/cst336/finalProject/updateMovie.php on line 39
[12-Dec-2018 20:17:44 UTC] PHP Fatal error:  Uncaught exception 'PDOException' with message 'SQLSTATE[42000]: Syntax error or access violation: 1064 You have an error in your SQL syntax; check the manual that corresponds to your MySQL server version for the right syntax to use near '' at line 3' in /home/ubuntu/workspace/cst336/finalProject/updateMovie.php:39
Stack trace:
#0 /home/ubuntu/workspace/cst336/finalProject/updateMovie.php(39): PDOStatement->execute(Array)
#1 /home/ubuntu/workspace/cst336/finalProject/updateMovie.php(70): updatePhoto(NULL)
#2 {main}
  thrown in /home/ubuntu/workspace/cst336/finalProject/updateMovie.php on line 39
[12-Dec-2018 20:17:45 UTC] PHP Fatal error:  Uncaught exception 'PDOException' with message 'SQLSTATE[42000]: Syntax error or access violation: 1064 You have an error in your SQL syntax; check the manual that corresponds to your MySQL server version for the right syntax to use near '' at line 3' in /home/ubuntu/workspace/cst336/finalProject/updateMovie.php:39
Stack trace:
#0 /home/ubuntu/workspace/cst336/finalProject/updateMovie.php(39): PDOStatement->execute(Array)
#1 /home/ubuntu/workspace/cst336/finalProject/updateMovie.php(70): updatePhoto(NULL)
#2 {main}
  thrown in /home/ubuntu/workspace/cst336/finalProject/updateMovie.php on line 39
[12-Dec-2018 20:17:50 UTC] PHP Fatal error:  Uncaught exception 'PDOException' with message 'SQLSTATE[42000]: Syntax error or access violation: 1064 You have an error in your SQL syntax; check the manual that corresponds to your MySQL server version for the right syntax to use near '' at line 3' in /home/ubuntu/workspace/cst336/finalProject/updateMovie.php:39
Stack trace:
#0 /home/ubuntu/workspace/cst336/finalProject/updateMovie.php(39): PDOStatement->execute(Array)
#1 /home/ubuntu/workspace/cst336/finalProject/updateMovie.php(70): updatePhoto(NULL)
#2 {main}
  thrown in /home/ubuntu/workspace/cst336/finalProject/updateMovie.php on line 39
[12-Dec-2018 20:18:16 UTC] PHP Fatal error:  Uncaught exception 'PDOException' with message 'SQLSTATE[42000]: Syntax error or access violation: 1064 You have an error in your SQL syntax; check the manual that corresponds to your MySQL server version for the right syntax to use near '' at line 3' in /home/ubuntu/workspace/cst336/finalProject/updateMovie.php:39
Stack trace:
#0 /home/ubuntu/workspace/cst336/finalProject/updateMovie.php(39): PDOStatement->execute(Array)
#1 /home/ubuntu/workspace/cst336/finalProject/updateMovie.php(71): updatePhoto(NULL)
#2 {main}
  thrown in /home/ubuntu/workspace/cst336/finalProject/updateMovie.php on line 39
[12-Dec-2018 20:18:17 UTC] PHP Fatal error:  Uncaught exception 'PDOException' with message 'SQLSTATE[42000]: Syntax error or access violation: 1064 You have an error in your SQL syntax; check the manual that corresponds to your MySQL server version for the right syntax to use near '' at line 3' in /home/ubuntu/workspace/cst336/finalProject/updateMovie.php:39
Stack trace:
#0 /home/ubuntu/workspace/cst336/finalProject/updateMovie.php(39): PDOStatement->execute(Array)
#1 /home/ubuntu/workspace/cst336/finalProject/updateMovie.php(71): updatePhoto(NULL)
#2 {main}
  thrown in /home/ubuntu/workspace/cst336/finalProject/updateMovie.php on line 39
[12-Dec-2018 20:19:59 UTC] PHP Fatal error:  Uncaught exception 'PDOException' with message 'SQLSTATE[42000]: Syntax error or access violation: 1064 You have an error in your SQL syntax; check the manual that corresponds to your MySQL server version for the right syntax to use near '' at line 3' in /home/ubuntu/workspace/cst336/finalProject/updateMovie.php:75
Stack trace:
#0 /home/ubuntu/workspace/cst336/finalProject/updateMovie.php(75): PDOStatement->execute(Array)
#1 /home/ubuntu/workspace/cst336/finalProject/updateMovie.php(52): updatePhoto(NULL)
#2 {main}
  thrown in /home/ubuntu/workspace/cst336/finalProject/updateMovie.php on line 75
[12-Dec-2018 20:20:55 UTC] PHP Fatal error:  Uncaught exception 'PDOException' with message 'SQLSTATE[42000]: Syntax error or access violation: 1064 You have an error in your SQL syntax; check the manual that corresponds to your MySQL server version for the right syntax to use near '' at line 3' in /home/ubuntu/workspace/cst336/finalProject/updateMovie.php:74
Stack trace:
#0 /home/ubuntu/workspace/cst336/finalProject/updateMovie.php(74): PDOStatement->execute(Array)
#1 /home/ubuntu/workspace/cst336/finalProject/updateMovie.php(51): updatePhoto(NULL)
#2 {main}
  thrown in /home/ubuntu/workspace/cst336/finalProject/updateMovie.php on line 74
[12-Dec-2018 20:20:56 UTC] PHP Fatal error:  Uncaught exception 'PDOException' with message 'SQLSTATE[42000]: Syntax error or access violation: 1064 You have an error in your SQL syntax; check the manual that corresponds to your MySQL server version for the right syntax to use near '' at line 3' in /home/ubuntu/workspace/cst336/finalProject/updateMovie.php:74
Stack trace:
#0 /home/ubuntu/workspace/cst336/finalProject/updateMovie.php(74): PDOStatement->execute(Array)
#1 /home/ubuntu/workspace/cst336/finalProject/updateMovie.php(51): updatePhoto(NULL)
#2 {main}
  thrown in /home/ubuntu/workspace/cst336/finalProject/updateMovie.php on line 74
[12-Dec-2018 20:21:06 UTC] PHP Fatal error:  Uncaught exception 'PDOException' with message 'SQLSTATE[42000]: Syntax error or access violation: 1064 You have an error in your SQL syntax; check the manual that corresponds to your MySQL server version for the right syntax to use near '' at line 3' in /home/ubuntu/workspace/cst336/finalProject/updateMovie.php:74
Stack trace:
#0 /home/ubuntu/workspace/cst336/finalProject/updateMovie.php(74): PDOStatement->execute(Array)
#1 /home/ubuntu/workspace/cst336/finalProject/updateMovie.php(51): updatePhoto(NULL)
#2 {main}
  thrown in /home/ubuntu/workspace/cst336/finalProject/updateMovie.php on line 74
[12-Dec-2018 20:21:07 UTC] PHP Fatal error:  Uncaught exception 'PDOException' with message 'SQLSTATE[42000]: Syntax error or access violation: 1064 You have an error in your SQL syntax; check the manual that corresponds to your MySQL server version for the right syntax to use near '' at line 3' in /home/ubuntu/workspace/cst336/finalProject/updateMovie.php:74
Stack trace:
#0 /home/ubuntu/workspace/cst336/finalProject/updateMovie.php(74): PDOStatement->execute(Array)
#1 /home/ubuntu/workspace/cst336/finalProject/updateMovie.php(51): updatePhoto(NULL)
#2 {main}
  thrown in /home/ubuntu/workspace/cst336/finalProject/updateMovie.php on line 74
[12-Dec-2018 20:21:07 UTC] PHP Fatal error:  Uncaught exception 'PDOException' with message 'SQLSTATE[42000]: Syntax error or access violation: 1064 You have an error in your SQL syntax; check the manual that corresponds to your MySQL server version for the right syntax to use near '' at line 3' in /home/ubuntu/workspace/cst336/finalProject/updateMovie.php:74
Stack trace:
#0 /home/ubuntu/workspace/cst336/finalProject/updateMovie.php(74): PDOStatement->execute(Array)
#1 /home/ubuntu/workspace/cst336/finalProject/updateMovie.php(51): updatePhoto(NULL)
#2 {main}
  thrown in /home/ubuntu/workspace/cst336/finalProject/updateMovie.php on line 74
[12-Dec-2018 20:23:52 UTC] PHP Fatal error:  Uncaught exception 'PDOException' with message 'SQLSTATE[42000]: Syntax error or access violation: 1064 You have an error in your SQL syntax; check the manual that corresponds to your MySQL server version for the right syntax to use near '' at line 3' in /home/ubuntu/workspace/cst336/finalProject/updateMovie.php:74
Stack trace:
#0 /home/ubuntu/workspace/cst336/finalProject/updateMovie.php(74): PDOStatement->execute(Array)
#1 /home/ubuntu/workspace/cst336/finalProject/updateMovie.php(51): updatePhoto(NULL)
#2 {main}
  thrown in /home/ubuntu/workspace/cst336/finalProject/updateMovie.php on line 74
[12-Dec-2018 20:23:53 UTC] PHP Fatal error:  Uncaught exception 'PDOException' with message 'SQLSTATE[42000]: Syntax error or access violation: 1064 You have an error in your SQL syntax; check the manual that corresponds to your MySQL server version for the right syntax to use near '' at line 3' in /home/ubuntu/workspace/cst336/finalProject/updateMovie.php:74
Stack trace:
#0 /home/ubuntu/workspace/cst336/finalProject/updateMovie.php(74): PDOStatement->execute(Array)
#1 /home/ubuntu/workspace/cst336/finalProject/updateMovie.php(51): updatePhoto(NULL)
#2 {main}
  thrown in /home/ubuntu/workspace/cst336/finalProject/updateMovie.php on line 74
[12-Dec-2018 20:25:26 UTC] PHP Fatal error:  Uncaught exception 'PDOException' with message 'SQLSTATE[42000]: Syntax error or access violation: 1064 You have an error in your SQL syntax; check the manual that corresponds to your MySQL server version for the right syntax to use near '' at line 3' in /home/ubuntu/workspace/cst336/finalProject/updateMovie.php:72
Stack trace:
#0 /home/ubuntu/workspace/cst336/finalProject/updateMovie.php(72): PDOStatement->execute(Array)
#1 /home/ubuntu/workspace/cst336/finalProject/updateMovie.php(49): updatePhoto(NULL)
#2 {main}
  thrown in /home/ubuntu/workspace/cst336/finalProject/updateMovie.php on line 72
[12-Dec-2018 20:26:16 UTC] PHP Fatal error:  Uncaught exception 'PDOException' with message 'SQLSTATE[42000]: Syntax error or access violation: 1064 You have an error in your SQL syntax; check the manual that corresponds to your MySQL server version for the right syntax to use near '' at line 3' in /home/ubuntu/workspace/cst336/finalProject/updateMovie.php:74
Stack trace:
#0 /home/ubuntu/workspace/cst336/finalProject/updateMovie.php(74): PDOStatement->execute(Array)
#1 /home/ubuntu/workspace/cst336/finalProject/updateMovie.php(51): updatePhoto(NULL)
#2 {main}
  thrown in /home/ubuntu/workspace/cst336/finalProject/updateMovie.php on line 74
[12-Dec-2018 20:26:17 UTC] PHP Fatal error:  Uncaught exception 'PDOException' with message 'SQLSTATE[42000]: Syntax error or access violation: 1064 You have an error in your SQL syntax; check the manual that corresponds to your MySQL server version for the right syntax to use near '' at line 3' in /home/ubuntu/workspace/cst336/finalProject/updateMovie.php:74
Stack trace:
#0 /home/ubuntu/workspace/cst336/finalProject/updateMovie.php(74): PDOStatement->execute(Array)
#1 /home/ubuntu/workspace/cst336/finalProject/updateMovie.php(51): updatePhoto(NULL)
#2 {main}
  thrown in /home/ubuntu/workspace/cst336/finalProject/updateMovie.php on line 74
[12-Dec-2018 20:27:04 UTC] PHP Fatal error:  Uncaught exception 'PDOException' with message 'SQLSTATE[42000]: Syntax error or access violation: 1064 You have an error in your SQL syntax; check the manual that corresponds to your MySQL server version for the right syntax to use near '' at line 3' in /home/ubuntu/workspace/cst336/finalProject/updateMovie.php:74
Stack trace:
#0 /home/ubuntu/workspace/cst336/finalProject/updateMovie.php(74): PDOStatement->execute(Array)
#1 /home/ubuntu/workspace/cst336/finalProject/updateMovie.php(52): updatePhoto(NULL)
#2 {main}
  thrown in /home/ubuntu/workspace/cst336/finalProject/updateMovie.php on line 74
[12-Dec-2018 20:30:20 UTC] PHP Fatal error:  Uncaught exception 'PDOException' with message 'SQLSTATE[42000]: Syntax error or access violation: 1064 You have an error in your SQL syntax; check the manual that corresponds to your MySQL server version for the right syntax to use near '' at line 3' in /home/ubuntu/workspace/cst336/finalProject/updateMovie.php:56
Stack trace:
#0 /home/ubuntu/workspace/cst336/finalProject/updateMovie.php(56): PDOStatement->execute(Array)
#1 {main}
  thrown in /home/ubuntu/workspace/cst336/finalProject/updateMovie.php on line 56
[12-Dec-2018 20:30:50 UTC] PHP Fatal error:  Uncaught exception 'PDOException' with message 'SQLSTATE[HY093]: Invalid parameter number: no parameters were bound' in /home/ubuntu/workspace/cst336/finalProject/updateMovie.php:56
Stack trace:
#0 /home/ubuntu/workspace/cst336/finalProject/updateMovie.php(56): PDOStatement->execute(Array)
#1 {main}
  thrown in /home/ubuntu/workspace/cst336/finalProject/updateMovie.php on line 56
[12-Dec-2018 20:32:03 UTC] PHP Fatal error:  Uncaught exception 'PDOException' with message 'SQLSTATE[42000]: Syntax error or access violation: 1064 You have an error in your SQL syntax; check the manual that corresponds to your MySQL server version for the right syntax to use near '' at line 3' in /home/ubuntu/workspace/cst336/finalProject/updateMovie.php:56
Stack trace:
#0 /home/ubuntu/workspace/cst336/finalProject/updateMovie.php(56): PDOStatement->execute(Array)
#1 {main}
  thrown in /home/ubuntu/workspace/cst336/finalProject/updateMovie.php on line 56
[12-Dec-2018 20:32:44 UTC] PHP Fatal error:  Uncaught exception 'PDOException' with message 'SQLSTATE[42000]: Syntax error or access violation: 1064 You have an error in your SQL syntax; check the manual that corresponds to your MySQL server version for the right syntax to use near '' at line 3' in /home/ubuntu/workspace/cst336/finalProject/updateMovie.php:56
Stack trace:
#0 /home/ubuntu/workspace/cst336/finalProject/updateMovie.php(56): PDOStatement->execute(Array)
#1 {main}
  thrown in /home/ubuntu/workspace/cst336/finalProject/updateMovie.php on line 56
[12-Dec-2018 20:32:45 UTC] PHP Fatal error:  Uncaught exception 'PDOException' with message 'SQLSTATE[42000]: Syntax error or access violation: 1064 You have an error in your SQL syntax; check the manual that corresponds to your MySQL server version for the right syntax to use near '' at line 3' in /home/ubuntu/workspace/cst336/finalProject/updateMovie.php:56
Stack trace:
#0 /home/ubuntu/workspace/cst336/finalProject/updateMovie.php(56): PDOStatement->execute(Array)
#1 {main}
  thrown in /home/ubuntu/workspace/cst336/finalProject/updateMovie.php on line 56
[12-Dec-2018 20:33:49 UTC] PHP Fatal error:  Uncaught exception 'PDOException' with message 'SQLSTATE[42000]: Syntax error or access violation: 1064 You have an error in your SQL syntax; check the manual that corresponds to your MySQL server version for the right syntax to use near '' at line 3' in /home/ubuntu/workspace/cst336/finalProject/updateMovie.php:56
Stack trace:
#0 /home/ubuntu/workspace/cst336/finalProject/updateMovie.php(56): PDOStatement->execute(Array)
#1 {main}
  thrown in /home/ubuntu/workspace/cst336/finalProject/updateMovie.php on line 56
[12-Dec-2018 20:35:01 UTC] PHP Fatal error:  Uncaught exception 'PDOException' with message 'SQLSTATE[42000]: Syntax error or access violation: 1064 You have an error in your SQL syntax; check the manual that corresponds to your MySQL server version for the right syntax to use near '' at line 3' in /home/ubuntu/workspace/cst336/finalProject/updateMovie.php:59
Stack trace:
#0 /home/ubuntu/workspace/cst336/finalProject/updateMovie.php(59): PDOStatement->execute(Array)
#1 {main}
  thrown in /home/ubuntu/workspace/cst336/finalProject/updateMovie.php on line 59
[12-Dec-2018 20:35:02 UTC] PHP Fatal error:  Uncaught exception 'PDOException' with message 'SQLSTATE[42000]: Syntax error or access violation: 1064 You have an error in your SQL syntax; check the manual that corresponds to your MySQL server version for the right syntax to use near '' at line 3' in /home/ubuntu/workspace/cst336/finalProject/updateMovie.php:59
Stack trace:
#0 /home/ubuntu/workspace/cst336/finalProject/updateMovie.php(59): PDOStatement->execute(Array)
#1 {main}
  thrown in /home/ubuntu/workspace/cst336/finalProject/updateMovie.php on line 59
[12-Dec-2018 20:35:21 UTC] PHP Fatal error:  Uncaught exception 'PDOException' with message 'SQLSTATE[42000]: Syntax error or access violation: 1064 You have an error in your SQL syntax; check the manual that corresponds to your MySQL server version for the right syntax to use near '' at line 3' in /home/ubuntu/workspace/cst336/finalProject/updateMovie.php:59
Stack trace:
#0 /home/ubuntu/workspace/cst336/finalProject/updateMovie.php(59): PDOStatement->execute(Array)
#1 {main}
  thrown in /home/ubuntu/workspace/cst336/finalProject/updateMovie.php on line 59
[12-Dec-2018 20:36:08 UTC] PHP Fatal error:  Uncaught exception 'PDOException' with message 'SQLSTATE[42000]: Syntax error or access violation: 1064 You have an error in your SQL syntax; check the manual that corresponds to your MySQL server version for the right syntax to use near '' at line 3' in /home/ubuntu/workspace/cst336/finalProject/updateMovie.php:59
Stack trace:
#0 /home/ubuntu/workspace/cst336/finalProject/updateMovie.php(59): PDOStatement->execute(Array)
#1 {main}
  thrown in /home/ubuntu/workspace/cst336/finalProject/updateMovie.php on line 59
