[10-Sep-2018 21:41:51 UTC] PHP Fatal error:  Call to undefined function uffirst() in /home/ubuntu/workspace/cst336/labs/lab2/index.php on line 8
[10-Sep-2018 21:41:51 UTC] PHP Stack trace:
[10-Sep-2018 21:41:51 UTC] PHP   1. {main}() /home/ubuntu/workspace/cst336/labs/lab2/index.php:0
[10-Sep-2018 22:23:55 UTC] PHP Warning:  Missing argument 1 for displayPoints(), called in /home/ubuntu/workspace/cst336/labs/lab2/index.php on line 42 and defined in /home/ubuntu/workspace/cst336/labs/lab2/index.php on line 9
[10-Sep-2018 22:23:55 UTC] PHP Stack trace:
[10-Sep-2018 22:23:55 UTC] PHP   1. {main}() /home/ubuntu/workspace/cst336/labs/lab2/index.php:0
[10-Sep-2018 22:23:55 UTC] PHP   2. displayPoints() /home/ubuntu/workspace/cst336/labs/lab2/index.php:42
[17-Sep-2018 22:20:41 UTC] PHP Parse error:  syntax error, unexpected '$points' (T_VARIABLE), expecting ',' or ';' in /home/ubuntu/workspace/cst336/labs/lab3/arrays.php on line 25
[22-Oct-2018 22:14:59 UTC] PHP Fatal error:  Call to a member function prepare() on a non-object in /home/ubuntu/workspace/cst336/labs/lab7/loginProcess.php on line 12
[22-Oct-2018 22:14:59 UTC] PHP Stack trace:
[22-Oct-2018 22:14:59 UTC] PHP   1. {main}() /home/ubuntu/workspace/cst336/labs/lab7/loginProcess.php:0
[22-Oct-2018 22:22:41 UTC] PHP Fatal error:  Call to a member function prepare() on a non-object in /home/ubuntu/workspace/cst336/labs/lab7/loginProcess.php on line 13
[22-Oct-2018 22:22:41 UTC] PHP Stack trace:
[22-Oct-2018 22:22:41 UTC] PHP   1. {main}() /home/ubuntu/workspace/cst336/labs/lab7/loginProcess.php:0
[22-Oct-2018 22:31:04 UTC] PHP Fatal error:  Call to a member function prepare() on a non-object in /home/ubuntu/workspace/cst336/labs/lab7/loginProcess.php on line 13
[22-Oct-2018 22:31:04 UTC] PHP Stack trace:
[22-Oct-2018 22:31:04 UTC] PHP   1. {main}() /home/ubuntu/workspace/cst336/labs/lab7/loginProcess.php:0
[22-Oct-2018 22:31:50 UTC] PHP Fatal error:  Call to a member function prepare() on a non-object in /home/ubuntu/workspace/cst336/labs/lab7/loginProcess.php on line 13
[22-Oct-2018 22:31:50 UTC] PHP Stack trace:
[22-Oct-2018 22:31:50 UTC] PHP   1. {main}() /home/ubuntu/workspace/cst336/labs/lab7/loginProcess.php:0
[22-Oct-2018 22:32:09 UTC] PHP Fatal error:  Call to a member function prepare() on a non-object in /home/ubuntu/workspace/cst336/labs/lab7/loginProcess.php on line 13
[22-Oct-2018 22:32:09 UTC] PHP Stack trace:
[22-Oct-2018 22:32:09 UTC] PHP   1. {main}() /home/ubuntu/workspace/cst336/labs/lab7/loginProcess.php:0
[22-Oct-2018 22:35:21 UTC] PHP Fatal error:  Call to a member function prepare() on a non-object in /home/ubuntu/workspace/cst336/labs/lab7/loginProcess.php on line 13
[22-Oct-2018 22:35:21 UTC] PHP Stack trace:
[22-Oct-2018 22:35:21 UTC] PHP   1. {main}() /home/ubuntu/workspace/cst336/labs/lab7/loginProcess.php:0
[22-Oct-2018 22:36:33 UTC] PHP Fatal error:  Call to a member function prepare() on a non-object in /home/ubuntu/workspace/cst336/labs/lab7/loginProcess.php on line 13
[22-Oct-2018 22:36:33 UTC] PHP Stack trace:
[22-Oct-2018 22:36:33 UTC] PHP   1. {main}() /home/ubuntu/workspace/cst336/labs/lab7/loginProcess.php:0
[26-Oct-2018 19:29:49 UTC] PHP Fatal error:  Call to undefined function getDatabaseConnection() in /home/ubuntu/workspace/cst336/labs/lab6/index1.php on line 3
[26-Oct-2018 19:29:49 UTC] PHP Stack trace:
[26-Oct-2018 19:29:49 UTC] PHP   1. {main}() /home/ubuntu/workspace/cst336/labs/lab6/index1.php:0
[26-Oct-2018 20:26:29 UTC] PHP Parse error:  syntax error, unexpected ':' in /home/ubuntu/workspace/cst336/labs/lab6/purchaseHistory.php on line 17
[10-Nov-2018 00:47:26 UTC] PHP Fatal error:  Call to undefined function validateSession() in /home/ubuntu/workspace/cst336/labs/lab7/admin.php on line 10
[10-Nov-2018 00:47:26 UTC] PHP Stack trace:
[10-Nov-2018 00:47:26 UTC] PHP   1. {main}() /home/ubuntu/workspace/cst336/labs/lab7/admin.php:0
[10-Nov-2018 01:04:01 UTC] PHP Fatal error:  Call to undefined function alert() in /home/ubuntu/workspace/cst336/labs/lab7/loginProcess.php on line 29
[10-Nov-2018 01:04:01 UTC] PHP Stack trace:
[10-Nov-2018 01:04:01 UTC] PHP   1. {main}() /home/ubuntu/workspace/cst336/labs/lab7/loginProcess.php:0
[10-Nov-2018 01:19:20 UTC] PHP Fatal error:  Call to a member function prepare() on a non-object in /home/ubuntu/workspace/cst336/labs/lab7/loginProcess.php on line 22
[10-Nov-2018 01:19:20 UTC] PHP Stack trace:
[10-Nov-2018 01:19:20 UTC] PHP   1. {main}() /home/ubuntu/workspace/cst336/labs/lab7/index.php:0
[10-Nov-2018 01:19:20 UTC] PHP   2. validate() /home/ubuntu/workspace/cst336/labs/lab7/index.php:26
[10-Nov-2018 01:24:22 UTC] PHP Fatal error:  Call to undefined function ah() in /home/ubuntu/workspace/cst336/labs/lab7/index.php on line 28
[10-Nov-2018 01:24:22 UTC] PHP Stack trace:
[10-Nov-2018 01:24:22 UTC] PHP   1. {main}() /home/ubuntu/workspace/cst336/labs/lab7/index.php:0
[10-Nov-2018 01:28:41 UTC] PHP Parse error:  syntax error, unexpected '.' in /home/ubuntu/workspace/cst336/labs/lab7/index.php on line 24
[10-Nov-2018 02:10:42 UTC] PHP Fatal error:  Uncaught exception 'PDOException' with message 'SQLSTATE[HY093]: Invalid parameter number: no parameters were bound' in /home/ubuntu/workspace/cst336/labs/lab7/updateProduct.php:25
Stack trace:
#0 /home/ubuntu/workspace/cst336/labs/lab7/updateProduct.php(25): PDOStatement->execute(NULL)
#1 {main}
  thrown in /home/ubuntu/workspace/cst336/labs/lab7/updateProduct.php on line 25
[10-Nov-2018 02:14:13 UTC] PHP Fatal error:  Uncaught exception 'PDOException' with message 'SQLSTATE[HY000]: General error' in /home/ubuntu/workspace/cst336/labs/lab7/updateProduct.php:33
Stack trace:
#0 /home/ubuntu/workspace/cst336/labs/lab7/updateProduct.php(33): PDOStatement->fetch(2)
#1 {main}
  thrown in /home/ubuntu/workspace/cst336/labs/lab7/updateProduct.php on line 33
[10-Nov-2018 02:14:21 UTC] PHP Fatal error:  Uncaught exception 'PDOException' with message 'SQLSTATE[HY000]: General error' in /home/ubuntu/workspace/cst336/labs/lab7/updateProduct.php:33
Stack trace:
#0 /home/ubuntu/workspace/cst336/labs/lab7/updateProduct.php(33): PDOStatement->fetch(2)
#1 {main}
  thrown in /home/ubuntu/workspace/cst336/labs/lab7/updateProduct.php on line 33
[10-Nov-2018 02:14:59 UTC] PHP Fatal error:  Uncaught exception 'PDOException' with message 'SQLSTATE[HY000]: General error' in /home/ubuntu/workspace/cst336/labs/lab7/updateProduct.php:34
Stack trace:
#0 /home/ubuntu/workspace/cst336/labs/lab7/updateProduct.php(34): PDOStatement->fetch(2)
#1 {main}
  thrown in /home/ubuntu/workspace/cst336/labs/lab7/updateProduct.php on line 34
[10-Nov-2018 02:20:21 UTC] PHP Fatal error:  Uncaught exception 'PDOException' with message 'SQLSTATE[HY000]: General error' in /home/ubuntu/workspace/cst336/labs/lab7/updateProduct.php:34
Stack trace:
#0 /home/ubuntu/workspace/cst336/labs/lab7/updateProduct.php(34): PDOStatement->fetch(2)
#1 {main}
  thrown in /home/ubuntu/workspace/cst336/labs/lab7/updateProduct.php on line 34
[10-Nov-2018 02:20:27 UTC] PHP Fatal error:  Uncaught exception 'PDOException' with message 'SQLSTATE[HY000]: General error' in /home/ubuntu/workspace/cst336/labs/lab7/updateProduct.php:34
Stack trace:
#0 /home/ubuntu/workspace/cst336/labs/lab7/updateProduct.php(34): PDOStatement->fetch(2)
#1 {main}
  thrown in /home/ubuntu/workspace/cst336/labs/lab7/updateProduct.php on line 34
[09-Dec-2018 00:21:57 UTC] PHP Parse error:  syntax error, unexpected '<' in /home/ubuntu/workspace/cst336/labs/lab10/index.php on line 59
[09-Dec-2018 00:23:33 UTC] PHP Parse error:  syntax error, unexpected end of file in /home/ubuntu/workspace/cst336/labs/lab10/index.php on line 67
[09-Dec-2018 00:23:50 UTC] PHP Parse error:  syntax error, unexpected end of file in /home/ubuntu/workspace/cst336/labs/lab10/index.php on line 67
[09-Dec-2018 00:32:17 UTC] PHP Fatal error:  Call to undefined function getAllPets() in /home/ubuntu/workspace/cst336/labs/lab10/index.php on line 25
[09-Dec-2018 00:32:17 UTC] PHP Stack trace:
[09-Dec-2018 00:32:17 UTC] PHP   1. {main}() /home/ubuntu/workspace/cst336/labs/lab10/index.php:0
[09-Dec-2018 00:34:46 UTC] PHP Fatal error:  Call to a member function prepare() on a non-object in /home/ubuntu/workspace/cst336/labs/lab10/index.php on line 8
[09-Dec-2018 00:34:46 UTC] PHP Stack trace:
[09-Dec-2018 00:34:46 UTC] PHP   1. {main}() /home/ubuntu/workspace/cst336/labs/lab10/index.php:0
[09-Dec-2018 00:34:46 UTC] PHP   2. getAllPets() /home/ubuntu/workspace/cst336/labs/lab10/index.php:38
[09-Dec-2018 00:44:13 UTC] PHP Fatal error:  Uncaught exception 'PDOException' with message 'SQLSTATE[42S22]: Column not found: 1054 Unknown column 'pictureURLS' in 'field list'' in /home/ubuntu/workspace/cst336/labs/lab10/index.php:11
Stack trace:
#0 /home/ubuntu/workspace/cst336/labs/lab10/index.php(11): PDOStatement->execute()
#1 /home/ubuntu/workspace/cst336/labs/lab10/index.php(40): getAllPets()
#2 {main}
  thrown in /home/ubuntu/workspace/cst336/labs/lab10/index.php on line 11
[09-Dec-2018 01:12:14 UTC] PHP Fatal error:  Call to undefined function tostring() in /home/ubuntu/workspace/cst336/labs/lab10/index.php on line 61
[09-Dec-2018 01:12:14 UTC] PHP Stack trace:
[09-Dec-2018 01:12:14 UTC] PHP   1. {main}() /home/ubuntu/workspace/cst336/labs/lab10/index.php:0
[09-Dec-2018 01:13:44 UTC] PHP Fatal error:  Call to undefined function tostring() in /home/ubuntu/workspace/cst336/labs/lab10/index.php on line 61
[09-Dec-2018 01:13:44 UTC] PHP Stack trace:
[09-Dec-2018 01:13:44 UTC] PHP   1. {main}() /home/ubuntu/workspace/cst336/labs/lab10/index.php:0
[09-Dec-2018 02:36:22 UTC] PHP Fatal error:  Uncaught exception 'UnexpectedValueException' with message 'DirectoryIterator::__construct(../lab_10/img/): failed to open dir: No such file or directory' in /home/ubuntu/workspace/cst336/labs/lab10/carousel.php:4
Stack trace:
#0 /home/ubuntu/workspace/cst336/labs/lab10/carousel.php(4): DirectoryIterator->__construct('../lab_10/img/')
#1 /home/ubuntu/workspace/cst336/labs/lab10/index.php(91): carousel()
#2 {main}
  thrown in /home/ubuntu/workspace/cst336/labs/lab10/carousel.php on line 4
[09-Dec-2018 02:36:49 UTC] PHP Fatal error:  Uncaught exception 'UnexpectedValueException' with message 'DirectoryIterator::__construct(../lab_10/img/): failed to open dir: No such file or directory' in /home/ubuntu/workspace/cst336/labs/lab10/carousel.php:4
Stack trace:
#0 /home/ubuntu/workspace/cst336/labs/lab10/carousel.php(4): DirectoryIterator->__construct('../lab_10/img/')
#1 /home/ubuntu/workspace/cst336/labs/lab10/index.php(91): carousel()
#2 {main}
  thrown in /home/ubuntu/workspace/cst336/labs/lab10/carousel.php on line 4
[09-Dec-2018 02:37:17 UTC] PHP Fatal error:  Uncaught exception 'UnexpectedValueException' with message 'DirectoryIterator::__construct(../lab_10/img/): failed to open dir: No such file or directory' in /home/ubuntu/workspace/cst336/labs/lab10/carousel.php:4
Stack trace:
#0 /home/ubuntu/workspace/cst336/labs/lab10/carousel.php(4): DirectoryIterator->__construct('../lab_10/img/')
#1 /home/ubuntu/workspace/cst336/labs/lab10/index.php(51): carousel()
#2 {main}
  thrown in /home/ubuntu/workspace/cst336/labs/lab10/carousel.php on line 4
[09-Dec-2018 04:09:58 UTC] PHP Fatal error:  Uncaught exception 'PDOException' with message 'SQLSTATE[HY000] [1049] Unknown database 'heroku_c79de9dfc9959d7'' in /home/ubuntu/workspace/cst336/inc/dbConnection.php:20
Stack trace:
#0 /home/ubuntu/workspace/cst336/inc/dbConnection.php(20): PDO->__construct('mysql:host=loca...', 'root', '')
#1 /home/ubuntu/workspace/cst336/labs/lab10/index.php(3): startConnection('heroku_c79de9df...')
#2 {main}
  thrown in /home/ubuntu/workspace/cst336/inc/dbConnection.php on line 20
